2025-03-21 21:33:01.197 +01:00 [WRN] Failed to determine the https port for redirect.
2025-03-21 21:38:55.179 +01:00 [INF] Found credentials using the AWS SDK's default credential search
2025-03-21 21:38:55.401 +01:00 [INF] Endpoint : GetGalleryArtworks called
2025-03-21 21:38:55.404 +01:00 [INF] -------------------- 
 Service: GetArtworks:
2025-03-21 21:38:55.413 +01:00 [INF] -------------------- 
 Repository : GetArtworks:
2025-03-21 21:38:56.215 +01:00 [INF] Successfully retrieved Artworks from the database.
2025-03-21 21:38:56.930 +01:00 [INF] -------------------- 
 AWS: GeneratePresignedUrl: 
 ObjectKey: 08594391-a7e1-466d-8494-a351be221a60.jpeg:
2025-03-21 21:38:57.139 +01:00 [INF] -------------------- 
 AWS: GeneratePresignedUrl: 
 ObjectKey: 21689851-3a0d-4091-b303-2a5ba5b98787.jpeg:
2025-03-21 21:38:57.141 +01:00 [INF] -------------------- 
 AWS: GeneratePresignedUrl: 
 ObjectKey: 1f01487c-fbe9-468a-a307-447cea349ae9.jpeg:
2025-03-21 21:38:57.142 +01:00 [INF] -------------------- 
 AWS: GeneratePresignedUrl: 
 ObjectKey: 476aad88-dc6e-45c9-9da5-92ff05ecd0ff.jpeg:
2025-03-21 21:38:57.143 +01:00 [INF] -------------------- 
 AWS: GeneratePresignedUrl: 
 ObjectKey: bd7bc223-fc9f-4303-b950-ff5a42093131.jpeg:
2025-03-21 21:38:57.144 +01:00 [INF] -------------------- 
 AWS: GeneratePresignedUrl: 
 ObjectKey: 134ae0fa-6bb4-41f2-9d6a-de5981531771.jpeg:
2025-03-21 21:38:57.145 +01:00 [INF] -------------------- 
 AWS: GeneratePresignedUrl: 
 ObjectKey: e80596e6-2169-4e38-85bf-2e628e337f65.jpeg:
2025-03-21 21:38:57.146 +01:00 [INF] -------------------- 
 AWS: GeneratePresignedUrl: 
 ObjectKey: abb724d0-838e-4937-861b-9d719ec81849.jpeg:
2025-03-21 21:38:57.146 +01:00 [INF] -------------------- 
 AWS: GeneratePresignedUrl: 
 ObjectKey: 61ad703b-c205-4acb-b043-4d79d8630109.jpeg:
2025-03-21 21:38:57.147 +01:00 [INF] -------------------- 
 AWS: GeneratePresignedUrl: 
 ObjectKey: 5718c98e-d4f0-4fd2-abb7-cd47f745982e.jpeg:
2025-03-21 21:38:57.148 +01:00 [INF] -------------------- 
 AWS: GeneratePresignedUrl: 
 ObjectKey: 5f16db27-c7a2-4bf0-aed8-42255554e310.jpeg:
2025-03-21 21:38:57.149 +01:00 [INF] -------------------- 
 AWS: GeneratePresignedUrl: 
 ObjectKey: cb11c680-41cd-42e5-8865-8a9442ed740d.jpeg:
2025-03-21 21:38:57.150 +01:00 [INF] -------------------- 
 AWS: GeneratePresignedUrl: 
 ObjectKey: 4256ee0c-069a-47f2-b3d4-5cd9c18dbfc9.jpeg:
2025-03-21 21:38:57.152 +01:00 [INF] -------------------- 
 AWS: GeneratePresignedUrl: 
 ObjectKey: 7c666b23-5c65-463b-9c8f-5566927da43e.jpeg:
2025-03-21 21:38:57.153 +01:00 [INF] -------------------- 
 AWS: GeneratePresignedUrl: 
 ObjectKey: 5d6c1786-a459-4182-b33c-161a77ec7966.jpeg:
2025-03-21 21:38:57.155 +01:00 [INF] -------------------- 
 AWS: GeneratePresignedUrl: 
 ObjectKey: f01da2a8-0a54-41b1-b2b6-bd8d99bbd384.jpeg:
2025-03-21 21:38:57.155 +01:00 [INF] -------------------- 
 AWS: GeneratePresignedUrl: 
 ObjectKey: aa60ec6c-3de6-46fc-8a8c-39b94c9cda45.jpeg:
2025-03-21 21:38:57.156 +01:00 [INF] -------------------- 
 AWS: GeneratePresignedUrl: 
 ObjectKey: 1fccfdeb-02c1-4519-bcbb-a521f3256548.jpeg:
2025-03-21 21:38:57.157 +01:00 [INF] -------------------- 
 AWS: GeneratePresignedUrl: 
 ObjectKey: 05d2cf58-10ed-4cc4-b3ce-ec1f257ba5e1.jpeg:
2025-03-21 21:38:57.158 +01:00 [INF] -------------------- 
 AWS: GeneratePresignedUrl: 
 ObjectKey: d6a5fe99-af0f-4910-8c00-432427bff625.jpeg:
2025-03-21 21:38:57.159 +01:00 [INF] -------------------- 
 AWS: GeneratePresignedUrl: 
 ObjectKey: e69e30c4-0dc8-4f6d-a8cd-716222ce9879.jpeg:
2025-03-21 21:38:57.160 +01:00 [INF] -------------------- 
 AWS: GeneratePresignedUrl: 
 ObjectKey: 8c237475-c04b-412d-a9dd-c0a1ff9dff99.jpeg:
2025-03-21 21:38:57.162 +01:00 [INF] -------------------- 
 AWS: GeneratePresignedUrl: 
 ObjectKey: b7f2e75a-0e89-4433-983e-3149fb1da82b.jpeg:
2025-03-21 21:38:57.163 +01:00 [INF] -------------------- 
 AWS: GeneratePresignedUrl: 
 ObjectKey: 35078a68-c112-42d2-921e-937efc894bf0.jpeg:
2025-03-21 21:38:57.164 +01:00 [INF] -------------------- 
 AWS: GeneratePresignedUrl: 
 ObjectKey: 7b2bebb3-c691-40c7-88a8-2d04991015bf.jpeg:
2025-03-21 21:38:57.165 +01:00 [INF] -------------------- 
 AWS: GeneratePresignedUrl: 
 ObjectKey: 329a05f2-79a4-4c43-91f4-ce3af9ca10f3.jpeg:
2025-03-21 21:38:57.166 +01:00 [INF] -------------------- 
 AWS: GeneratePresignedUrl: 
 ObjectKey: 7c337b7a-66e7-4e1f-aabe-c479e720d859.jpeg:
2025-03-21 21:38:57.167 +01:00 [INF] -------------------- 
 AWS: GeneratePresignedUrl: 
 ObjectKey: ca598449-4551-4efd-a2f0-9a335e5d20e8.jpeg:
2025-03-21 21:38:57.168 +01:00 [INF] -------------------- 
 AWS: GeneratePresignedUrl: 
 ObjectKey: 756d517d-a702-41ae-99c6-059e72bfb5b5.jpg:
2025-03-21 21:38:57.169 +01:00 [INF] -------------------- 
 AWS: GeneratePresignedUrl: 
 ObjectKey: ed7eb0a7-4f6d-4a9a-85ed-c1d3cff34376.jpeg:
