2025-03-20 18:17:54.301 +01:00 [WRN] Failed to determine the https port for redirect.
2025-03-20 18:18:01.389 +01:00 [INF] Found credentials using the AWS SDK's default credential search
2025-03-20 18:18:01.656 +01:00 [INF] Endpoint : EditArtwork called
2025-03-20 18:18:01.658 +01:00 [INF] ------------------- 
 Service: UpdateArtwork 
2025-03-20 18:18:01.665 +01:00 [INF] -------------------- 
 Repository : GetArtworkById: 5:
2025-03-20 18:18:01.666 +01:00 [INF] Retrieving Artwork by ID: 5
2025-03-20 18:18:03.381 +01:00 [DBG] Number of images in the request: 1
2025-03-20 18:18:03.384 +01:00 [INF] -------------------- 
 AWS: UploadImageToS3: 
 File: 626.jpg:
2025-03-20 18:18:03.385 +01:00 [INF] Generated object key: 5614a5c9-c860-4333-a1ee-0e0e0b0905c9.jpg
2025-03-20 18:18:04.078 +01:00 [INF] Uploading image 5614a5c9-c860-4333-a1ee-0e0e0b0905c9.jpg to joart-s3-images
2025-03-20 18:18:04.082 +01:00 [INF] -------------------- 
 Repository : GetObjectKeyByImageId: 8:
2025-03-20 18:18:04.106 +01:00 [INF] -------------------- 
 Repository : UpdateArtwork:
2025-03-20 18:18:04.106 +01:00 [INF] -------------------- 
 AWS: DeleteImageFromS3: 
  :
2025-03-20 18:18:04.119 +01:00 [ERR] Error encountered on server. Message:Key is a required property and must be set before making this call. (Parameter 'DeleteObjectRequest.Key')
2025-03-20 20:11:12.438 +01:00 [ERR] Hosting failed to start
System.IO.IOException: Failed to bind to address http://127.0.0.1:5109: address already in use.
 ---> Microsoft.AspNetCore.Connections.AddressInUseException: Only one usage of each socket address (protocol/network address/port) is normally permitted.
 ---> System.Net.Sockets.SocketException (10048): Only one usage of each socket address (protocol/network address/port) is normally permitted.
   at System.Net.Sockets.Socket.UpdateStatusAfterSocketErrorAndThrowException(SocketError error, Boolean disconnectOnFailure, String callerName)
   at System.Net.Sockets.Socket.DoBind(EndPoint endPointSnapshot, SocketAddress socketAddress)
   at System.Net.Sockets.Socket.Bind(EndPoint localEP)
   at Microsoft.AspNetCore.Server.Kestrel.Transport.Sockets.SocketTransportOptions.CreateDefaultBoundListenSocket(EndPoint endpoint)
   at Microsoft.AspNetCore.Server.Kestrel.Transport.Sockets.SocketConnectionListener.Bind()
   --- End of inner exception stack trace ---
   at Microsoft.AspNetCore.Server.Kestrel.Transport.Sockets.SocketConnectionListener.Bind()
   at Microsoft.AspNetCore.Server.Kestrel.Transport.Sockets.SocketTransportFactory.BindAsync(EndPoint endpoint, CancellationToken cancellationToken)
   at Microsoft.AspNetCore.Server.Kestrel.Core.Internal.Infrastructure.TransportManager.BindAsync(EndPoint endPoint, ConnectionDelegate connectionDelegate, EndpointConfig endpointConfig, CancellationToken cancellationToken)
   at Microsoft.AspNetCore.Server.Kestrel.Core.KestrelServerImpl.<>c__DisplayClass28_0`1.<<StartAsync>g__OnBind|0>d.MoveNext()
--- End of stack trace from previous location ---
   at Microsoft.AspNetCore.Server.Kestrel.Core.Internal.AddressBinder.BindEndpointAsync(ListenOptions endpoint, AddressBindContext context, CancellationToken cancellationToken)
   --- End of inner exception stack trace ---
   at Microsoft.AspNetCore.Server.Kestrel.Core.Internal.AddressBinder.BindEndpointAsync(ListenOptions endpoint, AddressBindContext context, CancellationToken cancellationToken)
   at Microsoft.AspNetCore.Server.Kestrel.Core.LocalhostListenOptions.BindAsync(AddressBindContext context, CancellationToken cancellationToken)
   at Microsoft.AspNetCore.Server.Kestrel.Core.Internal.AddressBinder.AddressesStrategy.BindAsync(AddressBindContext context, CancellationToken cancellationToken)
   at Microsoft.AspNetCore.Server.Kestrel.Core.Internal.AddressBinder.BindAsync(ListenOptions[] listenOptions, AddressBindContext context, Func`2 useHttps, CancellationToken cancellationToken)
   at Microsoft.AspNetCore.Server.Kestrel.Core.KestrelServerImpl.BindAsync(CancellationToken cancellationToken)
   at Microsoft.AspNetCore.Server.Kestrel.Core.KestrelServerImpl.StartAsync[TContext](IHttpApplication`1 application, CancellationToken cancellationToken)
   at Microsoft.AspNetCore.Hosting.GenericWebHostService.StartAsync(CancellationToken cancellationToken)
   at Microsoft.Extensions.Hosting.Internal.Host.<StartAsync>b__15_1(IHostedService service, CancellationToken token)
   at Microsoft.Extensions.Hosting.Internal.Host.ForeachService[T](IEnumerable`1 services, CancellationToken token, Boolean concurrent, Boolean abortOnFirstException, List`1 exceptions, Func`3 operation)
2025-03-20 20:11:28.950 +01:00 [WRN] Failed to determine the https port for redirect.
2025-03-20 20:11:33.677 +01:00 [INF] Found credentials using the AWS SDK's default credential search
2025-03-20 20:11:33.936 +01:00 [INF] Endpoint : UploadArtwork called
2025-03-20 20:11:33.940 +01:00 [INF] -------------------- 
 Service: UploadArtwork:
2025-03-20 20:11:33.941 +01:00 [DBG] Number of images in the request: 1
2025-03-20 20:11:33.942 +01:00 [INF] -------------------- 
 AWS: CheckIfS3BucketExists: joart-s3-images
2025-03-20 20:11:34.338 +01:00 [DBG] Entering image upload loop.
2025-03-20 20:11:34.339 +01:00 [DBG] Processing image: IMG_1486.jpeg
2025-03-20 20:11:34.341 +01:00 [INF] -------------------- 
 AWS: UploadImageToS3: 
 File: IMG_1486.jpeg:
2025-03-20 20:11:34.341 +01:00 [INF] Generated object key: e1966ccf-0da2-4ac4-a03a-5588b50ff261.jpeg
2025-03-20 20:11:35.057 +01:00 [INF] Uploading image e1966ccf-0da2-4ac4-a03a-5588b50ff261.jpeg to joart-s3-images
2025-03-20 20:11:35.060 +01:00 [INF] -------------------- 
 Repository : AddArtwork:
2025-03-20 20:13:05.666 +01:00 [WRN] Failed to determine the https port for redirect.
2025-03-20 20:13:32.327 +01:00 [INF] Found credentials using the AWS SDK's default credential search
2025-03-20 20:13:32.546 +01:00 [INF] Endpoint : GetGalleryArtworks called
2025-03-20 20:13:32.549 +01:00 [INF] -------------------- 
 Service: GetArtworks:
2025-03-20 20:13:32.552 +01:00 [INF] -------------------- 
 Repository : GetArtworks:
2025-03-20 20:13:33.407 +01:00 [INF] Successfully retrieved Artworks from the database.
2025-03-20 20:13:34.096 +01:00 [INF] -------------------- 
 AWS: GeneratePresignedUrl: 
 ObjectKey: e1966ccf-0da2-4ac4-a03a-5588b50ff261.jpeg:
2025-03-20 20:13:34.287 +01:00 [INF] -------------------- 
 AWS: GeneratePresignedUrl: 
 ObjectKey: faf69e6f-4250-461f-8971-d551faff8a54.jpg:
2025-03-20 20:13:34.290 +01:00 [INF] -------------------- 
 AWS: GeneratePresignedUrl: 
 ObjectKey: 8ac0046a-91a8-4b41-9739-434f1f034b90.jpg:
2025-03-20 20:13:34.291 +01:00 [INF] -------------------- 
 AWS: GeneratePresignedUrl: 
 ObjectKey: 8083c5d5-5b48-44b0-a996-db53b5ef9959.jpg:
2025-03-20 20:13:34.293 +01:00 [INF] -------------------- 
 AWS: GeneratePresignedUrl: 
 ObjectKey: 01ac4081-ecfb-49d9-8d9f-848e232ccf44.jpg:
2025-03-20 20:13:34.294 +01:00 [INF] -------------------- 
 AWS: GeneratePresignedUrl: 
 ObjectKey: 4e4f30a7-f452-4570-9faf-5f7cf0bb2cc4.jpeg:
2025-03-20 20:13:34.295 +01:00 [INF] -------------------- 
 AWS: GeneratePresignedUrl: 
 ObjectKey: 2a86af00-a80f-4de1-9918-6a3f7ae2137f.jpg:
2025-03-20 20:13:34.296 +01:00 [INF] -------------------- 
 AWS: GeneratePresignedUrl: 
 ObjectKey: 9db80f23-e73d-47a9-bb27-941179fab5d6.jpg:
2025-03-20 20:13:34.297 +01:00 [INF] -------------------- 
 AWS: GeneratePresignedUrl: 
 ObjectKey: e4154ba4-f55a-4a09-82dc-51899f873007.jpeg:
2025-03-20 20:13:34.299 +01:00 [INF] -------------------- 
 AWS: GeneratePresignedUrl: 
 ObjectKey: 7b852a82-c5ef-46d6-9036-ffc1df7704f5.jpg:
2025-03-20 20:13:34.300 +01:00 [INF] -------------------- 
 AWS: GeneratePresignedUrl: 
 ObjectKey: 47bd1289-4575-4d51-8844-d8071ecde673.jpg:
2025-03-20 20:13:34.301 +01:00 [INF] -------------------- 
 AWS: GeneratePresignedUrl: 
 ObjectKey: 5e22d646-5e99-410d-818e-07545f90432b.jpg:
2025-03-20 20:13:34.302 +01:00 [INF] -------------------- 
 AWS: GeneratePresignedUrl: 
 ObjectKey: 59af5473-ad4a-40ba-a7cf-7938c4523e0d.jpg:
2025-03-20 20:13:34.303 +01:00 [INF] -------------------- 
 AWS: GeneratePresignedUrl: 
 ObjectKey: ce622a55-677a-4897-8401-bbb67be767a2.jpg:
2025-03-20 20:13:34.304 +01:00 [INF] -------------------- 
 AWS: GeneratePresignedUrl: 
 ObjectKey: 12ecc0c7-0a32-4a59-8c92-d7826c4c6b81.jpeg:
2025-03-20 20:13:34.305 +01:00 [INF] -------------------- 
 AWS: GeneratePresignedUrl: 
 ObjectKey: d1e8b15d-7587-4557-8d13-397cb7db9313.jpg:
2025-03-20 20:13:34.307 +01:00 [INF] -------------------- 
 AWS: GeneratePresignedUrl: 
 ObjectKey: e1f3e265-c1c7-4abc-874d-951daca2690a.jpeg:
2025-03-20 20:13:34.309 +01:00 [INF] -------------------- 
 AWS: GeneratePresignedUrl: 
 ObjectKey: 857b08ac-23ce-4d21-87a0-a908bdcc5394.jpg:
2025-03-20 20:16:44.795 +01:00 [INF] Endpoint : EditArtwork called
2025-03-20 20:16:44.799 +01:00 [INF] ------------------- 
 Service: UpdateArtwork 
2025-03-20 20:16:44.800 +01:00 [INF] -------------------- 
 Repository : GetArtworkById: 12:
2025-03-20 20:16:44.801 +01:00 [INF] Retrieving Artwork by ID: 12
2025-03-20 20:16:44.851 +01:00 [DBG] Number of images in the request: 1
2025-03-20 20:16:44.856 +01:00 [INF] -------------------- 
 AWS: UploadImageToS3: 
 File: IMG_1487.jpeg:
2025-03-20 20:16:44.857 +01:00 [INF] Generated object key: 26b84e47-d62c-4168-8e2e-85e2a8eba0a6.jpeg
2025-03-20 20:16:45.354 +01:00 [INF] Uploading image 26b84e47-d62c-4168-8e2e-85e2a8eba0a6.jpeg to joart-s3-images
2025-03-20 20:16:45.358 +01:00 [INF] -------------------- 
 Repository : GetObjectKeyByImageId: 24:
2025-03-20 20:16:45.370 +01:00 [INF] -------------------- 
 Repository : UpdateArtwork:
2025-03-20 20:16:45.371 +01:00 [INF] -------------------- 
 AWS: DeleteImageFromS3: 
  e1966ccf-0da2-4ac4-a03a-5588b50ff261.jpeg:
2025-03-20 20:16:45.414 +01:00 [INF] Deleted object key: e1966ccf-0da2-4ac4-a03a-5588b50ff261.jpeg
2025-03-20 20:16:45.586 +01:00 [INF] Successfully updated artwork 12
2025-03-20 20:18:28.046 +01:00 [INF] Endpoint : GetGalleryArtworkById called
2025-03-20 20:18:28.049 +01:00 [INF] -------------------- 
 Service: GetArtworkById 12:
2025-03-20 20:18:28.050 +01:00 [INF] -------------------- 
 Repository : GetArtworkById: 12:
2025-03-20 20:18:28.050 +01:00 [INF] Retrieving Artwork by ID: 12
2025-03-20 20:18:28.111 +01:00 [INF] -------------------- 
 Repository : GetArtworkById: 12:
2025-03-20 20:18:28.113 +01:00 [INF] Retrieving Artwork by ID: 12
2025-03-20 20:18:28.117 +01:00 [INF] -------------------- 
 AWS: GeneratePresignedUrl: 
 ObjectKey: e1966ccf-0da2-4ac4-a03a-5588b50ff261.jpeg:
2025-03-20 20:18:28.118 +01:00 [INF] -------------------- 
 AWS: GeneratePresignedUrl: 
 ObjectKey: 26b84e47-d62c-4168-8e2e-85e2a8eba0a6.jpeg:
2025-03-20 20:22:49.621 +01:00 [INF] Endpoint : EditArtwork called
2025-03-20 20:22:49.623 +01:00 [INF] ------------------- 
 Service: UpdateArtwork 
2025-03-20 20:22:49.624 +01:00 [INF] -------------------- 
 Repository : GetArtworkById: 12:
2025-03-20 20:22:49.624 +01:00 [INF] Retrieving Artwork by ID: 12
2025-03-20 20:22:49.633 +01:00 [DBG] Number of images in the request: 1
2025-03-20 20:22:49.643 +01:00 [ERR] EditArtwork: Error updating artwork with file(s).
AutoMapper.AutoMapperMappingException: Missing type map configuration or unsupported mapping.

Mapping types:
UpdateArtworkRequest -> Artwork
JoArtClassLib.Art.Artwork.UpdateArtworkRequest -> JoArtClassLib.Artwork
   at lambda_method214(Closure, UpdateArtworkRequest, Artwork, ResolutionContext)
   at JohnsenArtAPI.Services.AdminGalleryService.UpdateArtworkAsync(Int32 artId, UpdateArtworkRequest request)
   at JohnsenArtAPI.Controllers.AdminGalleryController.UpdateArtwork(Int32 id, UpdateArtworkRequest request)
2025-03-20 20:24:29.702 +01:00 [INF] Endpoint : EditArtwork called
2025-03-20 20:24:29.703 +01:00 [INF] ------------------- 
 Service: UpdateArtwork 
2025-03-20 20:24:29.704 +01:00 [INF] -------------------- 
 Repository : GetArtworkById: 12:
2025-03-20 20:24:29.704 +01:00 [INF] Retrieving Artwork by ID: 12
2025-03-20 20:24:29.707 +01:00 [DBG] Number of images in the request: 1
2025-03-20 20:24:29.708 +01:00 [ERR] EditArtwork: Error updating artwork with file(s).
AutoMapper.AutoMapperMappingException: Missing type map configuration or unsupported mapping.

Mapping types:
UpdateArtworkRequest -> Artwork
JoArtClassLib.Art.Artwork.UpdateArtworkRequest -> JoArtClassLib.Artwork
   at lambda_method214(Closure, UpdateArtworkRequest, Artwork, ResolutionContext)
   at JohnsenArtAPI.Services.AdminGalleryService.UpdateArtworkAsync(Int32 artId, UpdateArtworkRequest request)
   at JohnsenArtAPI.Controllers.AdminGalleryController.UpdateArtwork(Int32 id, UpdateArtworkRequest request)
2025-03-20 20:28:07.602 +01:00 [WRN] Failed to determine the https port for redirect.
2025-03-20 20:28:17.786 +01:00 [INF] Found credentials using the AWS SDK's default credential search
2025-03-20 20:28:18.059 +01:00 [INF] Endpoint : EditArtwork called
2025-03-20 20:28:18.062 +01:00 [INF] ------------------- 
 Service: UpdateArtwork 
2025-03-20 20:28:18.065 +01:00 [INF] -------------------- 
 Repository : GetArtworkById: 12:
2025-03-20 20:28:18.066 +01:00 [INF] Retrieving Artwork by ID: 12
2025-03-20 20:28:19.614 +01:00 [DBG] Number of images in the request: 1
2025-03-20 20:28:19.629 +01:00 [INF] -------------------- 
 AWS: UploadImageToS3: 
 File: IMG_1726.jpeg:
2025-03-20 20:28:19.631 +01:00 [INF] Generated object key: b815d4bc-0ed2-45be-8f89-d921c49bd1b4.jpeg
2025-03-20 20:28:20.414 +01:00 [INF] Uploading image b815d4bc-0ed2-45be-8f89-d921c49bd1b4.jpeg to joart-s3-images
2025-03-20 20:28:20.417 +01:00 [INF] -------------------- 
 Repository : GetObjectKeyByImageId: 24:
2025-03-20 20:28:20.433 +01:00 [INF] -------------------- 
 Repository : UpdateArtwork:
2025-03-20 20:28:20.440 +01:00 [INF] -------------------- 
 AWS: DeleteImageFromS3: 
  e1966ccf-0da2-4ac4-a03a-5588b50ff261.jpeg:
2025-03-20 20:28:20.485 +01:00 [INF] Deleted object key: e1966ccf-0da2-4ac4-a03a-5588b50ff261.jpeg
2025-03-20 20:28:20.730 +01:00 [ERR] An exception occurred in the database while saving changes for context type 'JoArtDataLayer.JoArtDbContext'.
Microsoft.EntityFrameworkCore.DbUpdateException: An error occurred while saving the entity changes. See the inner exception for details.
 ---> MySqlConnector.MySqlException (0x80004005): Column 'ObjectKey' cannot be null
   at MySqlConnector.Core.ServerSession.ReceiveReplyAsync(IOBehavior ioBehavior, CancellationToken cancellationToken) in /_/src/MySqlConnector/Core/ServerSession.cs:line 894
   at MySqlConnector.Core.ResultSet.ReadResultSetHeaderAsync(IOBehavior ioBehavior) in /_/src/MySqlConnector/Core/ResultSet.cs:line 37
   at MySqlConnector.MySqlDataReader.ActivateResultSet(CancellationToken cancellationToken) in /_/src/MySqlConnector/MySqlDataReader.cs:line 130
   at MySqlConnector.MySqlDataReader.NextResultAsync(IOBehavior ioBehavior, CancellationToken cancellationToken) in /_/src/MySqlConnector/MySqlDataReader.cs:line 90
   at MySqlConnector.MySqlDataReader.NextResultAsync(CancellationToken cancellationToken) in /_/src/MySqlConnector/MySqlDataReader.cs:line 49
   at Microsoft.EntityFrameworkCore.Update.AffectedCountModificationCommandBatch.ConsumeAsync(RelationalDataReader reader, CancellationToken cancellationToken)
   --- End of inner exception stack trace ---
   at Microsoft.EntityFrameworkCore.Update.AffectedCountModificationCommandBatch.ConsumeAsync(RelationalDataReader reader, CancellationToken cancellationToken)
   at Microsoft.EntityFrameworkCore.Update.ReaderModificationCommandBatch.ExecuteAsync(IRelationalConnection connection, CancellationToken cancellationToken)
   at Microsoft.EntityFrameworkCore.Update.ReaderModificationCommandBatch.ExecuteAsync(IRelationalConnection connection, CancellationToken cancellationToken)
   at Microsoft.EntityFrameworkCore.Update.Internal.BatchExecutor.ExecuteAsync(IEnumerable`1 commandBatches, IRelationalConnection connection, CancellationToken cancellationToken)
   at Microsoft.EntityFrameworkCore.Update.Internal.BatchExecutor.ExecuteAsync(IEnumerable`1 commandBatches, IRelationalConnection connection, CancellationToken cancellationToken)
   at Microsoft.EntityFrameworkCore.Update.Internal.BatchExecutor.ExecuteAsync(IEnumerable`1 commandBatches, IRelationalConnection connection, CancellationToken cancellationToken)
   at Microsoft.EntityFrameworkCore.ChangeTracking.Internal.StateManager.SaveChangesAsync(IList`1 entriesToSave, CancellationToken cancellationToken)
   at Microsoft.EntityFrameworkCore.ChangeTracking.Internal.StateManager.SaveChangesAsync(StateManager stateManager, Boolean acceptAllChangesOnSuccess, CancellationToken cancellationToken)
   at Pomelo.EntityFrameworkCore.MySql.Storage.Internal.MySqlExecutionStrategy.ExecuteAsync[TState,TResult](TState state, Func`4 operation, Func`4 verifySucceeded, CancellationToken cancellationToken)
   at Microsoft.EntityFrameworkCore.DbContext.SaveChangesAsync(Boolean acceptAllChangesOnSuccess, CancellationToken cancellationToken)
Microsoft.EntityFrameworkCore.DbUpdateException: An error occurred while saving the entity changes. See the inner exception for details.
 ---> MySqlConnector.MySqlException (0x80004005): Column 'ObjectKey' cannot be null
   at MySqlConnector.Core.ServerSession.ReceiveReplyAsync(IOBehavior ioBehavior, CancellationToken cancellationToken) in /_/src/MySqlConnector/Core/ServerSession.cs:line 894
   at MySqlConnector.Core.ResultSet.ReadResultSetHeaderAsync(IOBehavior ioBehavior) in /_/src/MySqlConnector/Core/ResultSet.cs:line 37
   at MySqlConnector.MySqlDataReader.ActivateResultSet(CancellationToken cancellationToken) in /_/src/MySqlConnector/MySqlDataReader.cs:line 130
   at MySqlConnector.MySqlDataReader.NextResultAsync(IOBehavior ioBehavior, CancellationToken cancellationToken) in /_/src/MySqlConnector/MySqlDataReader.cs:line 90
   at MySqlConnector.MySqlDataReader.NextResultAsync(CancellationToken cancellationToken) in /_/src/MySqlConnector/MySqlDataReader.cs:line 49
   at Microsoft.EntityFrameworkCore.Update.AffectedCountModificationCommandBatch.ConsumeAsync(RelationalDataReader reader, CancellationToken cancellationToken)
   --- End of inner exception stack trace ---
   at Microsoft.EntityFrameworkCore.Update.AffectedCountModificationCommandBatch.ConsumeAsync(RelationalDataReader reader, CancellationToken cancellationToken)
   at Microsoft.EntityFrameworkCore.Update.ReaderModificationCommandBatch.ExecuteAsync(IRelationalConnection connection, CancellationToken cancellationToken)
   at Microsoft.EntityFrameworkCore.Update.ReaderModificationCommandBatch.ExecuteAsync(IRelationalConnection connection, CancellationToken cancellationToken)
   at Microsoft.EntityFrameworkCore.Update.Internal.BatchExecutor.ExecuteAsync(IEnumerable`1 commandBatches, IRelationalConnection connection, CancellationToken cancellationToken)
   at Microsoft.EntityFrameworkCore.Update.Internal.BatchExecutor.ExecuteAsync(IEnumerable`1 commandBatches, IRelationalConnection connection, CancellationToken cancellationToken)
   at Microsoft.EntityFrameworkCore.Update.Internal.BatchExecutor.ExecuteAsync(IEnumerable`1 commandBatches, IRelationalConnection connection, CancellationToken cancellationToken)
   at Microsoft.EntityFrameworkCore.ChangeTracking.Internal.StateManager.SaveChangesAsync(IList`1 entriesToSave, CancellationToken cancellationToken)
   at Microsoft.EntityFrameworkCore.ChangeTracking.Internal.StateManager.SaveChangesAsync(StateManager stateManager, Boolean acceptAllChangesOnSuccess, CancellationToken cancellationToken)
   at Pomelo.EntityFrameworkCore.MySql.Storage.Internal.MySqlExecutionStrategy.ExecuteAsync[TState,TResult](TState state, Func`4 operation, Func`4 verifySucceeded, CancellationToken cancellationToken)
   at Microsoft.EntityFrameworkCore.DbContext.SaveChangesAsync(Boolean acceptAllChangesOnSuccess, CancellationToken cancellationToken)
2025-03-20 20:28:20.741 +01:00 [ERR] Database update failed for artwork 12
Microsoft.EntityFrameworkCore.DbUpdateException: An error occurred while saving the entity changes. See the inner exception for details.
 ---> MySqlConnector.MySqlException (0x80004005): Column 'ObjectKey' cannot be null
   at MySqlConnector.Core.ServerSession.ReceiveReplyAsync(IOBehavior ioBehavior, CancellationToken cancellationToken) in /_/src/MySqlConnector/Core/ServerSession.cs:line 894
   at MySqlConnector.Core.ResultSet.ReadResultSetHeaderAsync(IOBehavior ioBehavior) in /_/src/MySqlConnector/Core/ResultSet.cs:line 37
   at MySqlConnector.MySqlDataReader.ActivateResultSet(CancellationToken cancellationToken) in /_/src/MySqlConnector/MySqlDataReader.cs:line 130
   at MySqlConnector.MySqlDataReader.NextResultAsync(IOBehavior ioBehavior, CancellationToken cancellationToken) in /_/src/MySqlConnector/MySqlDataReader.cs:line 90
   at MySqlConnector.MySqlDataReader.NextResultAsync(CancellationToken cancellationToken) in /_/src/MySqlConnector/MySqlDataReader.cs:line 49
   at Microsoft.EntityFrameworkCore.Update.AffectedCountModificationCommandBatch.ConsumeAsync(RelationalDataReader reader, CancellationToken cancellationToken)
   --- End of inner exception stack trace ---
   at Microsoft.EntityFrameworkCore.Update.AffectedCountModificationCommandBatch.ConsumeAsync(RelationalDataReader reader, CancellationToken cancellationToken)
   at Microsoft.EntityFrameworkCore.Update.ReaderModificationCommandBatch.ExecuteAsync(IRelationalConnection connection, CancellationToken cancellationToken)
   at Microsoft.EntityFrameworkCore.Update.ReaderModificationCommandBatch.ExecuteAsync(IRelationalConnection connection, CancellationToken cancellationToken)
   at Microsoft.EntityFrameworkCore.Update.Internal.BatchExecutor.ExecuteAsync(IEnumerable`1 commandBatches, IRelationalConnection connection, CancellationToken cancellationToken)
   at Microsoft.EntityFrameworkCore.Update.Internal.BatchExecutor.ExecuteAsync(IEnumerable`1 commandBatches, IRelationalConnection connection, CancellationToken cancellationToken)
   at Microsoft.EntityFrameworkCore.Update.Internal.BatchExecutor.ExecuteAsync(IEnumerable`1 commandBatches, IRelationalConnection connection, CancellationToken cancellationToken)
   at Microsoft.EntityFrameworkCore.ChangeTracking.Internal.StateManager.SaveChangesAsync(IList`1 entriesToSave, CancellationToken cancellationToken)
   at Microsoft.EntityFrameworkCore.ChangeTracking.Internal.StateManager.SaveChangesAsync(StateManager stateManager, Boolean acceptAllChangesOnSuccess, CancellationToken cancellationToken)
   at Pomelo.EntityFrameworkCore.MySql.Storage.Internal.MySqlExecutionStrategy.ExecuteAsync[TState,TResult](TState state, Func`4 operation, Func`4 verifySucceeded, CancellationToken cancellationToken)
   at Microsoft.EntityFrameworkCore.DbContext.SaveChangesAsync(Boolean acceptAllChangesOnSuccess, CancellationToken cancellationToken)
   at Microsoft.EntityFrameworkCore.DbContext.SaveChangesAsync(Boolean acceptAllChangesOnSuccess, CancellationToken cancellationToken)
   at JoArtDataLayer.Repositories.AdminGalleryRepository.UpdateArtworkAsync(Artwork artwork) in F:\OneDrive\GA\Emne9\JohnsenArt\JoArtDataLayer\Repositories\AdminGalleryRepository.cs:line 66
2025-03-20 20:28:20.754 +01:00 [ERR] EditArtwork: Error updating artwork with file(s).
System.Exception: Failed to update artwork due to a database error.
   at JoArtDataLayer.Repositories.AdminGalleryRepository.UpdateArtworkAsync(Artwork artwork) in F:\OneDrive\GA\Emne9\JohnsenArt\JoArtDataLayer\Repositories\AdminGalleryRepository.cs:line 74
   at JohnsenArtAPI.Services.AdminGalleryService.UpdateArtworkAsync(Int32 artId, UpdateArtworkRequest request) in F:\OneDrive\GA\Emne9\JohnsenArt\JoArtAPI\Features\Gallery\Admin\AdminGalleryService.cs:line 104
   at JohnsenArtAPI.Controllers.AdminGalleryController.UpdateArtwork(Int32 id, UpdateArtworkRequest request) in F:\OneDrive\GA\Emne9\JohnsenArt\JoArtAPI\Features\Gallery\Admin\AdminGalleryController.cs:line 63
2025-03-20 20:31:06.853 +01:00 [WRN] Failed to determine the https port for redirect.
2025-03-20 20:31:12.615 +01:00 [INF] Found credentials using the AWS SDK's default credential search
2025-03-20 20:31:12.896 +01:00 [INF] Endpoint : EditArtwork called
2025-03-20 20:31:12.899 +01:00 [INF] ------------------- 
 Service: UpdateArtwork 
2025-03-20 20:31:12.903 +01:00 [INF] -------------------- 
 Repository : GetArtworkById: 12:
2025-03-20 20:31:12.903 +01:00 [INF] Retrieving Artwork by ID: 12
2025-03-20 20:31:14.434 +01:00 [DBG] Number of images in the request: 1
2025-03-20 20:31:14.440 +01:00 [INF] -------------------- 
 AWS: UploadImageToS3: 
 File: IMG_1726.jpeg:
2025-03-20 20:31:14.442 +01:00 [INF] Generated object key: f08d3fa4-85d3-4009-b102-8b875c41aaf9.jpeg
2025-03-20 20:31:15.862 +01:00 [INF] Uploading image f08d3fa4-85d3-4009-b102-8b875c41aaf9.jpeg to joart-s3-images
2025-03-20 20:31:15.866 +01:00 [INF] -------------------- 
 Repository : GetObjectKeyByImageId: 24:
2025-03-20 20:31:15.888 +01:00 [INF] -------------------- 
 Repository : UpdateArtwork:
2025-03-20 20:31:15.889 +01:00 [INF] -------------------- 
 AWS: DeleteImageFromS3: 
  e1966ccf-0da2-4ac4-a03a-5588b50ff261.jpeg:
2025-03-20 20:31:15.929 +01:00 [INF] Deleted object key: e1966ccf-0da2-4ac4-a03a-5588b50ff261.jpeg
2025-03-20 20:31:16.174 +01:00 [INF] Successfully updated artwork 12
2025-03-20 20:33:45.767 +01:00 [INF] Endpoint : GetGalleryArtworkById called
2025-03-20 20:33:45.770 +01:00 [INF] -------------------- 
 Service: GetArtworkById 12:
2025-03-20 20:33:45.771 +01:00 [INF] -------------------- 
 Repository : GetArtworkById: 12:
2025-03-20 20:33:45.771 +01:00 [INF] Retrieving Artwork by ID: 12
2025-03-20 20:33:45.796 +01:00 [INF] -------------------- 
 Repository : GetArtworkById: 12:
2025-03-20 20:33:45.798 +01:00 [INF] Retrieving Artwork by ID: 12
2025-03-20 20:33:45.803 +01:00 [INF] -------------------- 
 AWS: GeneratePresignedUrl: 
 ObjectKey: f08d3fa4-85d3-4009-b102-8b875c41aaf9.jpeg:
2025-03-20 20:35:41.510 +01:00 [INF] Endpoint : EditArtwork called
2025-03-20 20:35:41.512 +01:00 [INF] ------------------- 
 Service: UpdateArtwork 
2025-03-20 20:35:41.513 +01:00 [INF] -------------------- 
 Repository : GetArtworkById: 12:
2025-03-20 20:35:41.513 +01:00 [INF] Retrieving Artwork by ID: 12
2025-03-20 20:35:41.574 +01:00 [DBG] Number of images in the request: 1
2025-03-20 20:35:41.578 +01:00 [INF] -------------------- 
 AWS: UploadImageToS3: 
 File: IMG_6941.jpeg:
2025-03-20 20:35:41.580 +01:00 [INF] Generated object key: 744c9a55-df69-4d4c-9e79-6d71c67aa25a.jpeg
2025-03-20 20:35:41.873 +01:00 [INF] Uploading image 744c9a55-df69-4d4c-9e79-6d71c67aa25a.jpeg to joart-s3-images
2025-03-20 20:35:41.875 +01:00 [INF] -------------------- 
 Repository : GetObjectKeyByImageId: 24:
2025-03-20 20:35:41.877 +01:00 [INF] -------------------- 
 Repository : UpdateArtwork:
2025-03-20 20:35:41.878 +01:00 [INF] -------------------- 
 AWS: DeleteImageFromS3: 
  :
2025-03-20 20:35:41.892 +01:00 [INF] Successfully updated artwork 12
2025-03-20 20:35:41.892 +01:00 [ERR] Error encountered on server. Message:Key is a required property and must be set before making this call. (Parameter 'DeleteObjectRequest.Key')
2025-03-20 20:37:17.779 +01:00 [WRN] Failed to determine the https port for redirect.
2025-03-20 20:37:37.025 +01:00 [INF] Found credentials using the AWS SDK's default credential search
2025-03-20 20:37:37.293 +01:00 [INF] Endpoint : EditArtwork called
2025-03-20 20:37:37.295 +01:00 [INF] ------------------- 
 Service: UpdateArtwork 
2025-03-20 20:37:37.298 +01:00 [INF] -------------------- 
 Repository : GetArtworkById: 12:
2025-03-20 20:37:37.300 +01:00 [INF] Retrieving Artwork by ID: 12
2025-03-20 20:37:38.848 +01:00 [DBG] Number of images in the request: 1
2025-03-20 20:37:38.863 +01:00 [INF] -------------------- 
 AWS: UploadImageToS3: 
 File: IMG_6941.jpeg:
2025-03-20 20:37:38.865 +01:00 [INF] Generated object key: 73e47587-54bc-4bf2-a7c4-3ca8dde5c874.jpeg
2025-03-20 20:37:39.875 +01:00 [INF] Uploading image 73e47587-54bc-4bf2-a7c4-3ca8dde5c874.jpeg to joart-s3-images
2025-03-20 20:37:39.879 +01:00 [INF] -------------------- 
 Repository : GetObjectKeyByImageId: 24:
2025-03-20 20:37:39.903 +01:00 [INF] -------------------- 
 AWS: DeleteImageFromS3: 
  :
2025-03-20 20:37:39.903 +01:00 [INF] -------------------- 
 Repository : UpdateArtwork:
2025-03-20 20:37:39.915 +01:00 [ERR] Error encountered on server. Message:Key is a required property and must be set before making this call. (Parameter 'DeleteObjectRequest.Key')
2025-03-20 20:54:10.062 +01:00 [WRN] Failed to determine the https port for redirect.
2025-03-20 20:54:20.901 +01:00 [INF] Found credentials using the AWS SDK's default credential search
2025-03-20 20:54:21.175 +01:00 [INF] Endpoint : EditArtwork called
2025-03-20 20:54:21.178 +01:00 [INF] ------------------- 
 Service: UpdateArtwork 
2025-03-20 20:54:21.180 +01:00 [INF] -------------------- 
 Repository : GetArtworkById: 12:
2025-03-20 20:54:21.181 +01:00 [INF] Retrieving Artwork by ID: 12
2025-03-20 20:54:22.768 +01:00 [DBG] Number of images in the request: 1
2025-03-20 20:54:22.783 +01:00 [INF] -------------------- 
 AWS: UploadImageToS3: 
 File: IMG_6941.jpeg:
2025-03-20 20:54:22.785 +01:00 [INF] Generated object key: 09a8cc90-780d-4452-92cd-238ad17a8dea.jpeg
2025-03-20 20:54:23.372 +01:00 [INF] Uploading image 09a8cc90-780d-4452-92cd-238ad17a8dea.jpeg to joart-s3-images
2025-03-20 20:54:23.376 +01:00 [INF] -------------------- 
 Repository : UpdateArtwork:
2025-03-20 20:54:23.661 +01:00 [INF] Successfully updated artwork 12
2025-03-20 20:54:42.187 +01:00 [INF] Endpoint : GetGalleryArtworkById called
2025-03-20 20:54:42.191 +01:00 [INF] -------------------- 
 Service: GetArtworkById 12:
2025-03-20 20:54:42.192 +01:00 [INF] -------------------- 
 Repository : GetArtworkById: 12:
2025-03-20 20:54:42.193 +01:00 [INF] Retrieving Artwork by ID: 12
2025-03-20 20:54:42.220 +01:00 [INF] -------------------- 
 Repository : GetArtworkById: 12:
2025-03-20 20:54:42.221 +01:00 [INF] Retrieving Artwork by ID: 12
2025-03-20 20:54:42.226 +01:00 [INF] -------------------- 
 AWS: GeneratePresignedUrl: 
 ObjectKey: 09a8cc90-780d-4452-92cd-238ad17a8dea.jpeg:
2025-03-20 21:03:57.875 +01:00 [WRN] Failed to determine the https port for redirect.
2025-03-20 21:04:15.690 +01:00 [INF] Found credentials using the AWS SDK's default credential search
2025-03-20 21:04:15.891 +01:00 [INF] Endpoint : GetGalleryArtworks called
2025-03-20 21:04:15.894 +01:00 [INF] -------------------- 
 Service: GetArtworks:
2025-03-20 21:04:15.897 +01:00 [INF] -------------------- 
 Repository : GetArtworks:
2025-03-20 21:04:16.686 +01:00 [INF] Successfully retrieved Artworks from the database.
2025-03-20 21:04:17.369 +01:00 [INF] -------------------- 
 AWS: GeneratePresignedUrl: 
 ObjectKey: 09a8cc90-780d-4452-92cd-238ad17a8dea.jpeg:
2025-03-20 21:04:17.556 +01:00 [INF] -------------------- 
 AWS: GeneratePresignedUrl: 
 ObjectKey: faf69e6f-4250-461f-8971-d551faff8a54.jpg:
2025-03-20 21:04:17.559 +01:00 [INF] -------------------- 
 AWS: GeneratePresignedUrl: 
 ObjectKey: 8ac0046a-91a8-4b41-9739-434f1f034b90.jpg:
2025-03-20 21:04:17.561 +01:00 [INF] -------------------- 
 AWS: GeneratePresignedUrl: 
 ObjectKey: 8083c5d5-5b48-44b0-a996-db53b5ef9959.jpg:
2025-03-20 21:04:17.562 +01:00 [INF] -------------------- 
 AWS: GeneratePresignedUrl: 
 ObjectKey: 01ac4081-ecfb-49d9-8d9f-848e232ccf44.jpg:
2025-03-20 21:04:17.564 +01:00 [INF] -------------------- 
 AWS: GeneratePresignedUrl: 
 ObjectKey: 4e4f30a7-f452-4570-9faf-5f7cf0bb2cc4.jpeg:
2025-03-20 21:04:17.565 +01:00 [INF] -------------------- 
 AWS: GeneratePresignedUrl: 
 ObjectKey: 2a86af00-a80f-4de1-9918-6a3f7ae2137f.jpg:
2025-03-20 21:04:17.566 +01:00 [INF] -------------------- 
 AWS: GeneratePresignedUrl: 
 ObjectKey: 9db80f23-e73d-47a9-bb27-941179fab5d6.jpg:
2025-03-20 21:04:17.566 +01:00 [INF] -------------------- 
 AWS: GeneratePresignedUrl: 
 ObjectKey: e4154ba4-f55a-4a09-82dc-51899f873007.jpeg:
2025-03-20 21:04:17.568 +01:00 [INF] -------------------- 
 AWS: GeneratePresignedUrl: 
 ObjectKey: 7b852a82-c5ef-46d6-9036-ffc1df7704f5.jpg:
2025-03-20 21:04:17.569 +01:00 [INF] -------------------- 
 AWS: GeneratePresignedUrl: 
 ObjectKey: 47bd1289-4575-4d51-8844-d8071ecde673.jpg:
2025-03-20 21:04:17.571 +01:00 [INF] -------------------- 
 AWS: GeneratePresignedUrl: 
 ObjectKey: 5e22d646-5e99-410d-818e-07545f90432b.jpg:
2025-03-20 21:04:17.573 +01:00 [INF] -------------------- 
 AWS: GeneratePresignedUrl: 
 ObjectKey: 59af5473-ad4a-40ba-a7cf-7938c4523e0d.jpg:
2025-03-20 21:04:17.575 +01:00 [INF] -------------------- 
 AWS: GeneratePresignedUrl: 
 ObjectKey: ce622a55-677a-4897-8401-bbb67be767a2.jpg:
2025-03-20 21:04:17.576 +01:00 [INF] -------------------- 
 AWS: GeneratePresignedUrl: 
 ObjectKey: 12ecc0c7-0a32-4a59-8c92-d7826c4c6b81.jpeg:
2025-03-20 21:04:17.577 +01:00 [INF] -------------------- 
 AWS: GeneratePresignedUrl: 
 ObjectKey: d1e8b15d-7587-4557-8d13-397cb7db9313.jpg:
2025-03-20 21:04:17.577 +01:00 [INF] -------------------- 
 AWS: GeneratePresignedUrl: 
 ObjectKey: e1f3e265-c1c7-4abc-874d-951daca2690a.jpeg:
2025-03-20 21:04:17.578 +01:00 [INF] -------------------- 
 AWS: GeneratePresignedUrl: 
 ObjectKey: 857b08ac-23ce-4d21-87a0-a908bdcc5394.jpg:
2025-03-20 21:05:52.623 +01:00 [INF] Endpoint : DeleteArtwork called
2025-03-20 21:05:52.627 +01:00 [INF] ------------------- 
 Service: DeleteArtwork : with ID 1
2025-03-20 21:05:52.630 +01:00 [INF] -------------------- 
 Repository : DeleteArtwork:
2025-03-20 21:05:52.714 +01:00 [INF] Successfully deleted artwork 1
2025-03-20 21:05:59.289 +01:00 [INF] Endpoint : DeleteArtwork called
2025-03-20 21:05:59.291 +01:00 [INF] ------------------- 
 Service: DeleteArtwork : with ID 2
2025-03-20 21:05:59.291 +01:00 [INF] -------------------- 
 Repository : DeleteArtwork:
2025-03-20 21:05:59.359 +01:00 [INF] Successfully deleted artwork 2
2025-03-20 21:06:03.342 +01:00 [INF] Endpoint : DeleteArtwork called
2025-03-20 21:06:03.343 +01:00 [INF] ------------------- 
 Service: DeleteArtwork : with ID 3
2025-03-20 21:06:03.345 +01:00 [INF] -------------------- 
 Repository : DeleteArtwork:
2025-03-20 21:06:03.352 +01:00 [INF] Successfully deleted artwork 3
2025-03-20 21:06:09.016 +01:00 [INF] Endpoint : DeleteArtwork called
2025-03-20 21:06:09.017 +01:00 [INF] ------------------- 
 Service: DeleteArtwork : with ID 4
2025-03-20 21:06:09.018 +01:00 [INF] -------------------- 
 Repository : DeleteArtwork:
2025-03-20 21:06:09.028 +01:00 [INF] Successfully deleted artwork 4
2025-03-20 21:06:11.637 +01:00 [INF] Endpoint : DeleteArtwork called
2025-03-20 21:06:11.638 +01:00 [INF] ------------------- 
 Service: DeleteArtwork : with ID 5
2025-03-20 21:06:11.639 +01:00 [INF] -------------------- 
 Repository : DeleteArtwork:
2025-03-20 21:06:11.649 +01:00 [INF] Successfully deleted artwork 5
2025-03-20 21:06:14.357 +01:00 [INF] Endpoint : DeleteArtwork called
2025-03-20 21:06:14.358 +01:00 [INF] ------------------- 
 Service: DeleteArtwork : with ID 6
2025-03-20 21:06:14.359 +01:00 [INF] -------------------- 
 Repository : DeleteArtwork:
2025-03-20 21:06:14.365 +01:00 [INF] Successfully deleted artwork 6
2025-03-20 21:06:17.469 +01:00 [INF] Endpoint : DeleteArtwork called
2025-03-20 21:06:17.471 +01:00 [INF] ------------------- 
 Service: DeleteArtwork : with ID 8
2025-03-20 21:06:17.471 +01:00 [INF] -------------------- 
 Repository : DeleteArtwork:
2025-03-20 21:06:17.477 +01:00 [INF] Successfully deleted artwork 8
2025-03-20 21:06:19.958 +01:00 [INF] Endpoint : DeleteArtwork called
2025-03-20 21:06:19.959 +01:00 [INF] ------------------- 
 Service: DeleteArtwork : with ID 9
2025-03-20 21:06:19.960 +01:00 [INF] -------------------- 
 Repository : DeleteArtwork:
2025-03-20 21:06:19.967 +01:00 [INF] Successfully deleted artwork 9
2025-03-20 21:06:24.169 +01:00 [INF] Endpoint : DeleteArtwork called
2025-03-20 21:06:24.171 +01:00 [INF] ------------------- 
 Service: DeleteArtwork : with ID 10
2025-03-20 21:06:24.172 +01:00 [INF] -------------------- 
 Repository : DeleteArtwork:
2025-03-20 21:06:24.182 +01:00 [INF] Successfully deleted artwork 10
2025-03-20 21:06:30.084 +01:00 [INF] Endpoint : DeleteArtwork called
2025-03-20 21:06:30.085 +01:00 [INF] ------------------- 
 Service: DeleteArtwork : with ID 12
2025-03-20 21:06:30.086 +01:00 [INF] -------------------- 
 Repository : DeleteArtwork:
2025-03-20 21:06:30.091 +01:00 [INF] Successfully deleted artwork 12
2025-03-20 21:06:32.948 +01:00 [INF] Endpoint : DeleteArtwork called
2025-03-20 21:06:32.949 +01:00 [INF] ------------------- 
 Service: DeleteArtwork : with ID 11
2025-03-20 21:06:32.950 +01:00 [INF] -------------------- 
 Repository : DeleteArtwork:
2025-03-20 21:06:32.952 +01:00 [WRN] Attempted to delete non-existing artwork with ID 11
2025-03-20 21:06:35.777 +01:00 [INF] Endpoint : DeleteArtwork called
2025-03-20 21:06:35.778 +01:00 [INF] ------------------- 
 Service: DeleteArtwork : with ID 7
2025-03-20 21:06:35.778 +01:00 [INF] -------------------- 
 Repository : DeleteArtwork:
2025-03-20 21:06:35.780 +01:00 [WRN] Attempted to delete non-existing artwork with ID 7
2025-03-20 21:06:44.833 +01:00 [INF] Endpoint : GetGalleryArtworks called
2025-03-20 21:06:44.835 +01:00 [INF] -------------------- 
 Service: GetArtworks:
2025-03-20 21:06:44.836 +01:00 [INF] -------------------- 
 Repository : GetArtworks:
2025-03-20 21:06:44.837 +01:00 [INF] Successfully retrieved Artworks from the database.
2025-03-20 21:06:44.840 +01:00 [WRN] No artworks found
2025-03-20 21:12:31.323 +01:00 [INF] Endpoint : UploadArtwork called
2025-03-20 21:12:31.325 +01:00 [INF] -------------------- 
 Service: UploadArtwork:
2025-03-20 21:12:31.327 +01:00 [DBG] Number of images in the request: 2
2025-03-20 21:12:31.329 +01:00 [INF] -------------------- 
 AWS: CheckIfS3BucketExists: joart-s3-images
2025-03-20 21:12:31.598 +01:00 [DBG] Entering image upload loop.
2025-03-20 21:12:31.600 +01:00 [DBG] Processing image: 20250319_095323.jpg
2025-03-20 21:12:31.602 +01:00 [INF] -------------------- 
 AWS: UploadImageToS3: 
 File: 20250319_095323.jpg:
2025-03-20 21:12:31.604 +01:00 [INF] Generated object key: 756d517d-a702-41ae-99c6-059e72bfb5b5.jpg
2025-03-20 21:12:32.314 +01:00 [INF] Uploading image 756d517d-a702-41ae-99c6-059e72bfb5b5.jpg to joart-s3-images
2025-03-20 21:12:32.316 +01:00 [DBG] Entering image upload loop.
2025-03-20 21:12:32.317 +01:00 [DBG] Processing image: 11-4-ka-pa-23x35-p4-br-173-kotart-original-imags5bz4ptc2c7g.jpeg
2025-03-20 21:12:32.318 +01:00 [INF] -------------------- 
 AWS: UploadImageToS3: 
 File: 11-4-ka-pa-23x35-p4-br-173-kotart-original-imags5bz4ptc2c7g.jpeg:
2025-03-20 21:12:32.319 +01:00 [INF] Generated object key: ed7eb0a7-4f6d-4a9a-85ed-c1d3cff34376.jpeg
2025-03-20 21:12:32.377 +01:00 [INF] Uploading image ed7eb0a7-4f6d-4a9a-85ed-c1d3cff34376.jpeg to joart-s3-images
2025-03-20 21:12:32.380 +01:00 [INF] -------------------- 
 Repository : AddArtwork:
2025-03-20 21:17:19.490 +01:00 [INF] Endpoint : UploadArtwork called
2025-03-20 21:17:19.491 +01:00 [INF] -------------------- 
 Service: UploadArtwork:
2025-03-20 21:17:19.492 +01:00 [DBG] Number of images in the request: 2
2025-03-20 21:17:19.493 +01:00 [INF] -------------------- 
 AWS: CheckIfS3BucketExists: joart-s3-images
2025-03-20 21:17:19.604 +01:00 [DBG] Entering image upload loop.
2025-03-20 21:17:19.605 +01:00 [DBG] Processing image: IMG_1486.jpeg
2025-03-20 21:17:19.606 +01:00 [INF] -------------------- 
 AWS: UploadImageToS3: 
 File: IMG_1486.jpeg:
2025-03-20 21:17:19.606 +01:00 [INF] Generated object key: cdbd9e21-cef6-445f-8f07-e83b9d8a183c.jpeg
2025-03-20 21:17:20.626 +01:00 [INF] Uploading image cdbd9e21-cef6-445f-8f07-e83b9d8a183c.jpeg to joart-s3-images
2025-03-20 21:17:20.628 +01:00 [DBG] Entering image upload loop.
2025-03-20 21:17:20.629 +01:00 [DBG] Processing image: 11-4-ka-pa-23x35-p4-br-173-kotart-original-imags5bz4ptc2c7g.jpeg
2025-03-20 21:17:20.629 +01:00 [INF] -------------------- 
 AWS: UploadImageToS3: 
 File: 11-4-ka-pa-23x35-p4-br-173-kotart-original-imags5bz4ptc2c7g.jpeg:
2025-03-20 21:17:20.630 +01:00 [INF] Generated object key: f5fd99ad-ba86-4de2-98c2-6b296803b964.jpeg
2025-03-20 21:17:20.698 +01:00 [INF] Uploading image f5fd99ad-ba86-4de2-98c2-6b296803b964.jpeg to joart-s3-images
2025-03-20 21:17:20.700 +01:00 [INF] -------------------- 
 Repository : AddArtwork:
2025-03-20 21:17:32.906 +01:00 [INF] Endpoint : UploadArtwork called
2025-03-20 21:17:32.909 +01:00 [INF] -------------------- 
 Service: UploadArtwork:
2025-03-20 21:17:32.910 +01:00 [DBG] Number of images in the request: 2
2025-03-20 21:17:32.911 +01:00 [INF] -------------------- 
 AWS: CheckIfS3BucketExists: joart-s3-images
2025-03-20 21:17:33.038 +01:00 [DBG] Entering image upload loop.
2025-03-20 21:17:33.038 +01:00 [DBG] Processing image: IMG_1486.jpeg
2025-03-20 21:17:33.039 +01:00 [INF] -------------------- 
 AWS: UploadImageToS3: 
 File: IMG_1486.jpeg:
2025-03-20 21:17:33.039 +01:00 [INF] Generated object key: 096aa054-eb28-460e-a735-bb02e896b7a3.jpeg
2025-03-20 21:17:33.241 +01:00 [INF] Uploading image 096aa054-eb28-460e-a735-bb02e896b7a3.jpeg to joart-s3-images
2025-03-20 21:17:33.243 +01:00 [DBG] Entering image upload loop.
2025-03-20 21:17:33.243 +01:00 [DBG] Processing image: 11-4-ka-pa-23x35-p4-br-173-kotart-original-imags5bz4ptc2c7g.jpeg
2025-03-20 21:17:33.244 +01:00 [INF] -------------------- 
 AWS: UploadImageToS3: 
 File: 11-4-ka-pa-23x35-p4-br-173-kotart-original-imags5bz4ptc2c7g.jpeg:
2025-03-20 21:17:33.244 +01:00 [INF] Generated object key: 75057609-dae2-4cda-ab85-c77f470d4887.jpeg
2025-03-20 21:17:33.374 +01:00 [INF] Uploading image 75057609-dae2-4cda-ab85-c77f470d4887.jpeg to joart-s3-images
2025-03-20 21:17:33.376 +01:00 [INF] -------------------- 
 Repository : AddArtwork:
2025-03-20 21:17:58.766 +01:00 [INF] Endpoint : UploadArtwork called
2025-03-20 21:17:58.768 +01:00 [INF] -------------------- 
 Service: UploadArtwork:
2025-03-20 21:17:58.769 +01:00 [DBG] Number of images in the request: 2
2025-03-20 21:17:58.769 +01:00 [INF] -------------------- 
 AWS: CheckIfS3BucketExists: joart-s3-images
2025-03-20 21:17:58.902 +01:00 [DBG] Entering image upload loop.
2025-03-20 21:17:58.903 +01:00 [DBG] Processing image: IMG_1486.jpeg
2025-03-20 21:17:58.904 +01:00 [INF] -------------------- 
 AWS: UploadImageToS3: 
 File: IMG_1486.jpeg:
2025-03-20 21:17:58.905 +01:00 [INF] Generated object key: 7c337b7a-66e7-4e1f-aabe-c479e720d859.jpeg
2025-03-20 21:17:59.161 +01:00 [INF] Uploading image 7c337b7a-66e7-4e1f-aabe-c479e720d859.jpeg to joart-s3-images
2025-03-20 21:17:59.162 +01:00 [DBG] Entering image upload loop.
2025-03-20 21:17:59.163 +01:00 [DBG] Processing image: 11-4-ka-pa-23x35-p4-br-173-kotart-original-imags5bz4ptc2c7g.jpeg
2025-03-20 21:17:59.164 +01:00 [INF] -------------------- 
 AWS: UploadImageToS3: 
 File: 11-4-ka-pa-23x35-p4-br-173-kotart-original-imags5bz4ptc2c7g.jpeg:
2025-03-20 21:17:59.165 +01:00 [INF] Generated object key: ca598449-4551-4efd-a2f0-9a335e5d20e8.jpeg
2025-03-20 21:17:59.232 +01:00 [INF] Uploading image ca598449-4551-4efd-a2f0-9a335e5d20e8.jpeg to joart-s3-images
2025-03-20 21:17:59.232 +01:00 [INF] -------------------- 
 Repository : AddArtwork:
2025-03-20 21:19:56.661 +01:00 [INF] Endpoint : UploadArtwork called
2025-03-20 21:19:56.663 +01:00 [INF] -------------------- 
 Service: UploadArtwork:
2025-03-20 21:19:56.663 +01:00 [DBG] Number of images in the request: 1
2025-03-20 21:19:56.664 +01:00 [INF] -------------------- 
 AWS: CheckIfS3BucketExists: joart-s3-images
2025-03-20 21:19:56.811 +01:00 [DBG] Entering image upload loop.
2025-03-20 21:19:56.812 +01:00 [DBG] Processing image: IMG_1487.jpeg
2025-03-20 21:19:56.813 +01:00 [INF] -------------------- 
 AWS: UploadImageToS3: 
 File: IMG_1487.jpeg:
2025-03-20 21:19:56.814 +01:00 [INF] Generated object key: 329a05f2-79a4-4c43-91f4-ce3af9ca10f3.jpeg
2025-03-20 21:19:57.086 +01:00 [INF] Uploading image 329a05f2-79a4-4c43-91f4-ce3af9ca10f3.jpeg to joart-s3-images
2025-03-20 21:19:57.087 +01:00 [INF] -------------------- 
 Repository : AddArtwork:
2025-03-20 21:21:38.735 +01:00 [INF] Endpoint : UploadArtwork called
2025-03-20 21:21:38.736 +01:00 [INF] -------------------- 
 Service: UploadArtwork:
2025-03-20 21:21:38.736 +01:00 [DBG] Number of images in the request: 2
2025-03-20 21:21:38.737 +01:00 [INF] -------------------- 
 AWS: CheckIfS3BucketExists: joart-s3-images
2025-03-20 21:21:38.840 +01:00 [DBG] Entering image upload loop.
2025-03-20 21:21:38.841 +01:00 [DBG] Processing image: IMG_1487.jpeg
2025-03-20 21:21:38.842 +01:00 [INF] -------------------- 
 AWS: UploadImageToS3: 
 File: IMG_1487.jpeg:
2025-03-20 21:21:38.842 +01:00 [INF] Generated object key: 53ecc575-fc4f-4280-acbb-064de4db6c10.jpeg
2025-03-20 21:21:39.176 +01:00 [INF] Uploading image 53ecc575-fc4f-4280-acbb-064de4db6c10.jpeg to joart-s3-images
2025-03-20 21:21:39.180 +01:00 [DBG] Entering image upload loop.
2025-03-20 21:21:39.181 +01:00 [DBG] Processing image: 11-4-ka-pa-23x35-p4-br-173-kotart-original-imags5bz4ptc2c7g.jpeg
2025-03-20 21:21:39.182 +01:00 [INF] -------------------- 
 AWS: UploadImageToS3: 
 File: 11-4-ka-pa-23x35-p4-br-173-kotart-original-imags5bz4ptc2c7g.jpeg:
2025-03-20 21:21:39.183 +01:00 [INF] Generated object key: 7cfefcaa-180d-4679-bb74-aab631a9e1f4.jpeg
2025-03-20 21:21:39.277 +01:00 [INF] Uploading image 7cfefcaa-180d-4679-bb74-aab631a9e1f4.jpeg to joart-s3-images
2025-03-20 21:21:39.278 +01:00 [INF] -------------------- 
 Repository : AddArtwork:
2025-03-20 21:25:23.697 +01:00 [INF] Endpoint : EditArtwork called
2025-03-20 21:25:23.700 +01:00 [INF] ------------------- 
 Service: UpdateArtwork 
2025-03-20 21:25:23.702 +01:00 [INF] -------------------- 
 Repository : GetArtworkById: 18:
2025-03-20 21:25:23.703 +01:00 [INF] Retrieving Artwork by ID: 18
2025-03-20 21:25:23.723 +01:00 [INF] ------------------- 
 Service: UpdateArtworkImages 
2025-03-20 21:25:23.725 +01:00 [DBG] Number of images in the request: 2
2025-03-20 21:25:23.725 +01:00 [INF] -------------------- 
 AWS: UploadImageToS3: 
 File: IMG_1487.jpeg:
2025-03-20 21:25:23.726 +01:00 [INF] Generated object key: 35078a68-c112-42d2-921e-937efc894bf0.jpeg
2025-03-20 21:25:24.676 +01:00 [INF] Uploading image 35078a68-c112-42d2-921e-937efc894bf0.jpeg to joart-s3-images
2025-03-20 21:25:24.678 +01:00 [INF] -------------------- 
 AWS: UploadImageToS3: 
 File: 11-4-ka-pa-23x35-p4-br-173-kotart-original-imags5bz4ptc2c7g.jpeg:
2025-03-20 21:25:24.680 +01:00 [INF] Generated object key: 7b2bebb3-c691-40c7-88a8-2d04991015bf.jpeg
2025-03-20 21:25:24.734 +01:00 [INF] Uploading image 7b2bebb3-c691-40c7-88a8-2d04991015bf.jpeg to joart-s3-images
2025-03-20 21:25:24.737 +01:00 [INF] -------------------- 
 Repository : UpdateArtwork:
2025-03-20 21:25:24.775 +01:00 [INF] Successfully updated artwork 18
2025-03-20 21:25:43.095 +01:00 [INF] Endpoint : GetGalleryArtworks called
2025-03-20 21:25:43.096 +01:00 [INF] -------------------- 
 Service: GetArtworks:
2025-03-20 21:25:43.097 +01:00 [INF] -------------------- 
 Repository : GetArtworks:
2025-03-20 21:25:43.098 +01:00 [INF] Successfully retrieved Artworks from the database.
2025-03-20 21:25:43.100 +01:00 [INF] -------------------- 
 AWS: GeneratePresignedUrl: 
 ObjectKey: 35078a68-c112-42d2-921e-937efc894bf0.jpeg:
2025-03-20 21:25:43.101 +01:00 [INF] -------------------- 
 AWS: GeneratePresignedUrl: 
 ObjectKey: 7b2bebb3-c691-40c7-88a8-2d04991015bf.jpeg:
2025-03-20 21:25:43.101 +01:00 [INF] -------------------- 
 AWS: GeneratePresignedUrl: 
 ObjectKey: 329a05f2-79a4-4c43-91f4-ce3af9ca10f3.jpeg:
2025-03-20 21:25:43.102 +01:00 [INF] -------------------- 
 AWS: GeneratePresignedUrl: 
 ObjectKey: 7c337b7a-66e7-4e1f-aabe-c479e720d859.jpeg:
2025-03-20 21:25:43.103 +01:00 [INF] -------------------- 
 AWS: GeneratePresignedUrl: 
 ObjectKey: ca598449-4551-4efd-a2f0-9a335e5d20e8.jpeg:
2025-03-20 21:25:43.104 +01:00 [INF] -------------------- 
 AWS: GeneratePresignedUrl: 
 ObjectKey: 096aa054-eb28-460e-a735-bb02e896b7a3.jpeg:
2025-03-20 21:25:43.105 +01:00 [INF] -------------------- 
 AWS: GeneratePresignedUrl: 
 ObjectKey: 75057609-dae2-4cda-ab85-c77f470d4887.jpeg:
2025-03-20 21:25:43.105 +01:00 [INF] -------------------- 
 AWS: GeneratePresignedUrl: 
 ObjectKey: cdbd9e21-cef6-445f-8f07-e83b9d8a183c.jpeg:
2025-03-20 21:25:43.107 +01:00 [INF] -------------------- 
 AWS: GeneratePresignedUrl: 
 ObjectKey: f5fd99ad-ba86-4de2-98c2-6b296803b964.jpeg:
2025-03-20 21:25:43.108 +01:00 [INF] -------------------- 
 AWS: GeneratePresignedUrl: 
 ObjectKey: 756d517d-a702-41ae-99c6-059e72bfb5b5.jpg:
2025-03-20 21:25:43.109 +01:00 [INF] -------------------- 
 AWS: GeneratePresignedUrl: 
 ObjectKey: ed7eb0a7-4f6d-4a9a-85ed-c1d3cff34376.jpeg:
2025-03-20 21:29:24.489 +01:00 [INF] Endpoint : UploadArtwork called
2025-03-20 21:29:24.490 +01:00 [INF] -------------------- 
 Service: UploadArtwork:
2025-03-20 21:29:24.490 +01:00 [DBG] Number of images in the request: 2
2025-03-20 21:29:24.491 +01:00 [INF] -------------------- 
 AWS: CheckIfS3BucketExists: joart-s3-images
2025-03-20 21:29:24.765 +01:00 [DBG] Entering image upload loop.
2025-03-20 21:29:24.766 +01:00 [DBG] Processing image: IMG_1489.jpeg
2025-03-20 21:29:24.767 +01:00 [INF] -------------------- 
 AWS: UploadImageToS3: 
 File: IMG_1489.jpeg:
2025-03-20 21:29:24.768 +01:00 [INF] Generated object key: 8c237475-c04b-412d-a9dd-c0a1ff9dff99.jpeg
2025-03-20 21:29:25.435 +01:00 [INF] Uploading image 8c237475-c04b-412d-a9dd-c0a1ff9dff99.jpeg to joart-s3-images
2025-03-20 21:29:25.437 +01:00 [DBG] Entering image upload loop.
2025-03-20 21:29:25.438 +01:00 [DBG] Processing image: 11-4-ka-pa-23x35-p4-br-173-kotart-original-imags5bz4ptc2c7g.jpeg
2025-03-20 21:29:25.438 +01:00 [INF] -------------------- 
 AWS: UploadImageToS3: 
 File: 11-4-ka-pa-23x35-p4-br-173-kotart-original-imags5bz4ptc2c7g.jpeg:
2025-03-20 21:29:25.439 +01:00 [INF] Generated object key: b7f2e75a-0e89-4433-983e-3149fb1da82b.jpeg
2025-03-20 21:29:25.538 +01:00 [INF] Uploading image b7f2e75a-0e89-4433-983e-3149fb1da82b.jpeg to joart-s3-images
2025-03-20 21:29:25.540 +01:00 [INF] -------------------- 
 Repository : AddArtwork:
2025-03-20 21:33:56.700 +01:00 [INF] Endpoint : UploadArtwork called
2025-03-20 21:33:56.702 +01:00 [INF] -------------------- 
 Service: UploadArtwork:
2025-03-20 21:33:56.702 +01:00 [DBG] Number of images in the request: 2
2025-03-20 21:33:56.703 +01:00 [INF] -------------------- 
 AWS: CheckIfS3BucketExists: joart-s3-images
2025-03-20 21:33:56.833 +01:00 [DBG] Entering image upload loop.
2025-03-20 21:33:56.834 +01:00 [DBG] Processing image: IMG_1490.jpeg
2025-03-20 21:33:56.835 +01:00 [INF] -------------------- 
 AWS: UploadImageToS3: 
 File: IMG_1490.jpeg:
2025-03-20 21:33:56.836 +01:00 [INF] Generated object key: d6a5fe99-af0f-4910-8c00-432427bff625.jpeg
2025-03-20 21:33:57.475 +01:00 [INF] Uploading image d6a5fe99-af0f-4910-8c00-432427bff625.jpeg to joart-s3-images
2025-03-20 21:33:57.480 +01:00 [DBG] Entering image upload loop.
2025-03-20 21:33:57.483 +01:00 [DBG] Processing image: 11-4-ka-pa-23x35-p4-br-173-kotart-original-imags5bz4ptc2c7g.jpeg
2025-03-20 21:33:57.485 +01:00 [INF] -------------------- 
 AWS: UploadImageToS3: 
 File: 11-4-ka-pa-23x35-p4-br-173-kotart-original-imags5bz4ptc2c7g.jpeg:
2025-03-20 21:33:57.486 +01:00 [INF] Generated object key: e69e30c4-0dc8-4f6d-a8cd-716222ce9879.jpeg
2025-03-20 21:33:57.554 +01:00 [INF] Uploading image e69e30c4-0dc8-4f6d-a8cd-716222ce9879.jpeg to joart-s3-images
2025-03-20 21:33:57.556 +01:00 [INF] -------------------- 
 Repository : AddArtwork:
2025-03-20 21:37:00.697 +01:00 [INF] Endpoint : UploadArtwork called
2025-03-20 21:37:00.699 +01:00 [INF] -------------------- 
 Service: UploadArtwork:
2025-03-20 21:37:00.700 +01:00 [DBG] Number of images in the request: 2
2025-03-20 21:37:00.700 +01:00 [INF] -------------------- 
 AWS: CheckIfS3BucketExists: joart-s3-images
2025-03-20 21:37:00.813 +01:00 [DBG] Entering image upload loop.
2025-03-20 21:37:00.815 +01:00 [DBG] Processing image: IMG_1491.jpeg
2025-03-20 21:37:00.815 +01:00 [INF] -------------------- 
 AWS: UploadImageToS3: 
 File: IMG_1491.jpeg:
2025-03-20 21:37:00.816 +01:00 [INF] Generated object key: 1fccfdeb-02c1-4519-bcbb-a521f3256548.jpeg
2025-03-20 21:37:01.005 +01:00 [INF] Uploading image 1fccfdeb-02c1-4519-bcbb-a521f3256548.jpeg to joart-s3-images
2025-03-20 21:37:01.006 +01:00 [DBG] Entering image upload loop.
2025-03-20 21:37:01.007 +01:00 [DBG] Processing image: 11-4-ka-pa-23x35-p4-br-173-kotart-original-imags5bz4ptc2c7g.jpeg
2025-03-20 21:37:01.007 +01:00 [INF] -------------------- 
 AWS: UploadImageToS3: 
 File: 11-4-ka-pa-23x35-p4-br-173-kotart-original-imags5bz4ptc2c7g.jpeg:
2025-03-20 21:37:01.008 +01:00 [INF] Generated object key: 05d2cf58-10ed-4cc4-b3ce-ec1f257ba5e1.jpeg
2025-03-20 21:37:01.067 +01:00 [INF] Uploading image 05d2cf58-10ed-4cc4-b3ce-ec1f257ba5e1.jpeg to joart-s3-images
2025-03-20 21:37:01.068 +01:00 [INF] -------------------- 
 Repository : AddArtwork:
2025-03-20 21:39:37.719 +01:00 [INF] Endpoint : UploadArtwork called
2025-03-20 21:39:37.720 +01:00 [INF] -------------------- 
 Service: UploadArtwork:
2025-03-20 21:39:37.721 +01:00 [DBG] Number of images in the request: 1
2025-03-20 21:39:37.721 +01:00 [INF] -------------------- 
 AWS: CheckIfS3BucketExists: joart-s3-images
2025-03-20 21:39:37.837 +01:00 [DBG] Entering image upload loop.
2025-03-20 21:39:37.839 +01:00 [DBG] Processing image: IMG_1557.jpeg
2025-03-20 21:39:37.839 +01:00 [INF] -------------------- 
 AWS: UploadImageToS3: 
 File: IMG_1557.jpeg:
2025-03-20 21:39:37.840 +01:00 [INF] Generated object key: aa60ec6c-3de6-46fc-8a8c-39b94c9cda45.jpeg
2025-03-20 21:39:38.096 +01:00 [INF] Uploading image aa60ec6c-3de6-46fc-8a8c-39b94c9cda45.jpeg to joart-s3-images
2025-03-20 21:39:38.097 +01:00 [INF] -------------------- 
 Repository : AddArtwork:
2025-03-20 21:41:15.309 +01:00 [INF] Endpoint : UploadArtwork called
2025-03-20 21:41:15.310 +01:00 [INF] -------------------- 
 Service: UploadArtwork:
2025-03-20 21:41:15.311 +01:00 [DBG] Number of images in the request: 2
2025-03-20 21:41:15.312 +01:00 [INF] -------------------- 
 AWS: CheckIfS3BucketExists: joart-s3-images
2025-03-20 21:41:15.436 +01:00 [DBG] Entering image upload loop.
2025-03-20 21:41:15.438 +01:00 [DBG] Processing image: IMG_1726.jpeg
2025-03-20 21:41:15.438 +01:00 [INF] -------------------- 
 AWS: UploadImageToS3: 
 File: IMG_1726.jpeg:
2025-03-20 21:41:15.439 +01:00 [INF] Generated object key: 5d6c1786-a459-4182-b33c-161a77ec7966.jpeg
2025-03-20 21:41:16.396 +01:00 [INF] Uploading image 5d6c1786-a459-4182-b33c-161a77ec7966.jpeg to joart-s3-images
2025-03-20 21:41:16.397 +01:00 [DBG] Entering image upload loop.
2025-03-20 21:41:16.398 +01:00 [DBG] Processing image: 11-4-ka-pa-23x35-p4-br-173-kotart-original-imags5bz4ptc2c7g.jpeg
2025-03-20 21:41:16.399 +01:00 [INF] -------------------- 
 AWS: UploadImageToS3: 
 File: 11-4-ka-pa-23x35-p4-br-173-kotart-original-imags5bz4ptc2c7g.jpeg:
2025-03-20 21:41:16.400 +01:00 [INF] Generated object key: f01da2a8-0a54-41b1-b2b6-bd8d99bbd384.jpeg
2025-03-20 21:41:16.470 +01:00 [INF] Uploading image f01da2a8-0a54-41b1-b2b6-bd8d99bbd384.jpeg to joart-s3-images
2025-03-20 21:41:16.472 +01:00 [INF] -------------------- 
 Repository : AddArtwork:
2025-03-20 21:43:45.002 +01:00 [INF] Endpoint : UploadArtwork called
2025-03-20 21:43:45.003 +01:00 [INF] -------------------- 
 Service: UploadArtwork:
2025-03-20 21:43:45.004 +01:00 [DBG] Number of images in the request: 2
2025-03-20 21:43:45.005 +01:00 [INF] -------------------- 
 AWS: CheckIfS3BucketExists: joart-s3-images
2025-03-20 21:43:45.137 +01:00 [DBG] Entering image upload loop.
2025-03-20 21:43:45.138 +01:00 [DBG] Processing image: IMG_1731.jpeg
2025-03-20 21:43:45.138 +01:00 [INF] -------------------- 
 AWS: UploadImageToS3: 
 File: IMG_1731.jpeg:
2025-03-20 21:43:45.139 +01:00 [INF] Generated object key: 4256ee0c-069a-47f2-b3d4-5cd9c18dbfc9.jpeg
2025-03-20 21:43:45.832 +01:00 [INF] Uploading image 4256ee0c-069a-47f2-b3d4-5cd9c18dbfc9.jpeg to joart-s3-images
2025-03-20 21:43:45.834 +01:00 [DBG] Entering image upload loop.
2025-03-20 21:43:45.835 +01:00 [DBG] Processing image: 11-4-ka-pa-23x35-p4-br-173-kotart-original-imags5bz4ptc2c7g.jpeg
2025-03-20 21:43:45.835 +01:00 [INF] -------------------- 
 AWS: UploadImageToS3: 
 File: 11-4-ka-pa-23x35-p4-br-173-kotart-original-imags5bz4ptc2c7g.jpeg:
2025-03-20 21:43:45.836 +01:00 [INF] Generated object key: 7c666b23-5c65-463b-9c8f-5566927da43e.jpeg
2025-03-20 21:43:45.914 +01:00 [INF] Uploading image 7c666b23-5c65-463b-9c8f-5566927da43e.jpeg to joart-s3-images
2025-03-20 21:43:45.916 +01:00 [INF] -------------------- 
 Repository : AddArtwork:
2025-03-20 21:45:30.628 +01:00 [INF] Endpoint : UploadArtwork called
2025-03-20 21:45:30.629 +01:00 [INF] -------------------- 
 Service: UploadArtwork:
2025-03-20 21:45:30.629 +01:00 [DBG] Number of images in the request: 2
2025-03-20 21:45:30.630 +01:00 [INF] -------------------- 
 AWS: CheckIfS3BucketExists: joart-s3-images
2025-03-20 21:45:30.760 +01:00 [DBG] Entering image upload loop.
2025-03-20 21:45:30.761 +01:00 [DBG] Processing image: IMG_6937.jpeg
2025-03-20 21:45:30.761 +01:00 [INF] -------------------- 
 AWS: UploadImageToS3: 
 File: IMG_6937.jpeg:
2025-03-20 21:45:30.762 +01:00 [INF] Generated object key: 5f16db27-c7a2-4bf0-aed8-42255554e310.jpeg
2025-03-20 21:45:31.494 +01:00 [INF] Uploading image 5f16db27-c7a2-4bf0-aed8-42255554e310.jpeg to joart-s3-images
2025-03-20 21:45:31.496 +01:00 [DBG] Entering image upload loop.
2025-03-20 21:45:31.496 +01:00 [DBG] Processing image: 11-4-ka-pa-23x35-p4-br-173-kotart-original-imags5bz4ptc2c7g.jpeg
2025-03-20 21:45:31.497 +01:00 [INF] -------------------- 
 AWS: UploadImageToS3: 
 File: 11-4-ka-pa-23x35-p4-br-173-kotart-original-imags5bz4ptc2c7g.jpeg:
2025-03-20 21:45:31.498 +01:00 [INF] Generated object key: cb11c680-41cd-42e5-8865-8a9442ed740d.jpeg
2025-03-20 21:45:31.569 +01:00 [INF] Uploading image cb11c680-41cd-42e5-8865-8a9442ed740d.jpeg to joart-s3-images
2025-03-20 21:45:31.571 +01:00 [INF] -------------------- 
 Repository : AddArtwork:
2025-03-20 21:47:29.459 +01:00 [INF] Endpoint : UploadArtwork called
2025-03-20 21:47:29.459 +01:00 [INF] -------------------- 
 Service: UploadArtwork:
2025-03-20 21:47:29.460 +01:00 [DBG] Number of images in the request: 2
2025-03-20 21:47:29.460 +01:00 [INF] -------------------- 
 AWS: CheckIfS3BucketExists: joart-s3-images
2025-03-20 21:47:29.593 +01:00 [DBG] Entering image upload loop.
2025-03-20 21:47:29.594 +01:00 [DBG] Processing image: IMG_6937.jpeg
2025-03-20 21:47:29.595 +01:00 [INF] -------------------- 
 AWS: UploadImageToS3: 
 File: IMG_6937.jpeg:
2025-03-20 21:47:29.595 +01:00 [INF] Generated object key: 61ad703b-c205-4acb-b043-4d79d8630109.jpeg
2025-03-20 21:47:30.249 +01:00 [INF] Uploading image 61ad703b-c205-4acb-b043-4d79d8630109.jpeg to joart-s3-images
2025-03-20 21:47:30.251 +01:00 [DBG] Entering image upload loop.
2025-03-20 21:47:30.252 +01:00 [DBG] Processing image: IMG_6938.jpeg
2025-03-20 21:47:30.252 +01:00 [INF] -------------------- 
 AWS: UploadImageToS3: 
 File: IMG_6938.jpeg:
2025-03-20 21:47:30.253 +01:00 [INF] Generated object key: 5718c98e-d4f0-4fd2-abb7-cd47f745982e.jpeg
2025-03-20 21:47:30.437 +01:00 [INF] Uploading image 5718c98e-d4f0-4fd2-abb7-cd47f745982e.jpeg to joart-s3-images
2025-03-20 21:47:30.439 +01:00 [INF] -------------------- 
 Repository : AddArtwork:
2025-03-20 21:50:04.098 +01:00 [INF] Endpoint : UploadArtwork called
2025-03-20 21:50:04.099 +01:00 [INF] -------------------- 
 Service: UploadArtwork:
2025-03-20 21:50:04.099 +01:00 [DBG] Number of images in the request: 2
2025-03-20 21:50:04.100 +01:00 [INF] -------------------- 
 AWS: CheckIfS3BucketExists: joart-s3-images
2025-03-20 21:50:04.234 +01:00 [DBG] Entering image upload loop.
2025-03-20 21:50:04.235 +01:00 [DBG] Processing image: IMG_6939.jpeg
2025-03-20 21:50:04.236 +01:00 [INF] -------------------- 
 AWS: UploadImageToS3: 
 File: IMG_6939.jpeg:
2025-03-20 21:50:04.236 +01:00 [INF] Generated object key: e80596e6-2169-4e38-85bf-2e628e337f65.jpeg
2025-03-20 21:50:04.977 +01:00 [INF] Uploading image e80596e6-2169-4e38-85bf-2e628e337f65.jpeg to joart-s3-images
2025-03-20 21:50:04.979 +01:00 [DBG] Entering image upload loop.
2025-03-20 21:50:04.980 +01:00 [DBG] Processing image: IMG_6938.jpeg
2025-03-20 21:50:04.980 +01:00 [INF] -------------------- 
 AWS: UploadImageToS3: 
 File: IMG_6938.jpeg:
2025-03-20 21:50:04.981 +01:00 [INF] Generated object key: abb724d0-838e-4937-861b-9d719ec81849.jpeg
2025-03-20 21:50:05.492 +01:00 [INF] Uploading image abb724d0-838e-4937-861b-9d719ec81849.jpeg to joart-s3-images
2025-03-20 21:50:05.494 +01:00 [INF] -------------------- 
 Repository : AddArtwork:
2025-03-20 21:52:21.581 +01:00 [INF] Endpoint : UploadArtwork called
2025-03-20 21:52:21.582 +01:00 [INF] -------------------- 
 Service: UploadArtwork:
2025-03-20 21:52:21.583 +01:00 [DBG] Number of images in the request: 2
2025-03-20 21:52:21.584 +01:00 [INF] -------------------- 
 AWS: CheckIfS3BucketExists: joart-s3-images
2025-03-20 21:52:21.717 +01:00 [DBG] Entering image upload loop.
2025-03-20 21:52:21.719 +01:00 [DBG] Processing image: IMG_6941.jpeg
2025-03-20 21:52:21.719 +01:00 [INF] -------------------- 
 AWS: UploadImageToS3: 
 File: IMG_6941.jpeg:
2025-03-20 21:52:21.720 +01:00 [INF] Generated object key: bd7bc223-fc9f-4303-b950-ff5a42093131.jpeg
2025-03-20 21:52:21.911 +01:00 [INF] Uploading image bd7bc223-fc9f-4303-b950-ff5a42093131.jpeg to joart-s3-images
2025-03-20 21:52:21.913 +01:00 [DBG] Entering image upload loop.
2025-03-20 21:52:21.913 +01:00 [DBG] Processing image: IMG_6938.jpeg
2025-03-20 21:52:21.914 +01:00 [INF] -------------------- 
 AWS: UploadImageToS3: 
 File: IMG_6938.jpeg:
2025-03-20 21:52:21.915 +01:00 [INF] Generated object key: 134ae0fa-6bb4-41f2-9d6a-de5981531771.jpeg
2025-03-20 21:52:22.062 +01:00 [INF] Uploading image 134ae0fa-6bb4-41f2-9d6a-de5981531771.jpeg to joart-s3-images
2025-03-20 21:52:22.064 +01:00 [INF] -------------------- 
 Repository : AddArtwork:
2025-03-20 21:53:50.681 +01:00 [INF] Endpoint : UploadArtwork called
2025-03-20 21:53:50.682 +01:00 [INF] -------------------- 
 Service: UploadArtwork:
2025-03-20 21:53:50.683 +01:00 [DBG] Number of images in the request: 2
2025-03-20 21:53:50.684 +01:00 [INF] -------------------- 
 AWS: CheckIfS3BucketExists: joart-s3-images
2025-03-20 21:53:50.823 +01:00 [DBG] Entering image upload loop.
2025-03-20 21:53:50.824 +01:00 [DBG] Processing image: IMG_7123.jpeg
2025-03-20 21:53:50.824 +01:00 [INF] -------------------- 
 AWS: UploadImageToS3: 
 File: IMG_7123.jpeg:
2025-03-20 21:53:50.825 +01:00 [INF] Generated object key: 1f01487c-fbe9-468a-a307-447cea349ae9.jpeg
2025-03-20 21:53:51.067 +01:00 [INF] Uploading image 1f01487c-fbe9-468a-a307-447cea349ae9.jpeg to joart-s3-images
2025-03-20 21:53:51.070 +01:00 [DBG] Entering image upload loop.
2025-03-20 21:53:51.071 +01:00 [DBG] Processing image: IMG_6938.jpeg
2025-03-20 21:53:51.071 +01:00 [INF] -------------------- 
 AWS: UploadImageToS3: 
 File: IMG_6938.jpeg:
2025-03-20 21:53:51.072 +01:00 [INF] Generated object key: 476aad88-dc6e-45c9-9da5-92ff05ecd0ff.jpeg
2025-03-20 21:53:51.636 +01:00 [INF] Uploading image 476aad88-dc6e-45c9-9da5-92ff05ecd0ff.jpeg to joart-s3-images
2025-03-20 21:53:51.638 +01:00 [INF] -------------------- 
 Repository : AddArtwork:
2025-03-20 21:55:47.823 +01:00 [INF] Endpoint : UploadArtwork called
2025-03-20 21:55:47.824 +01:00 [INF] -------------------- 
 Service: UploadArtwork:
2025-03-20 21:55:47.825 +01:00 [DBG] Number of images in the request: 2
2025-03-20 21:55:47.826 +01:00 [INF] -------------------- 
 AWS: CheckIfS3BucketExists: joart-s3-images
2025-03-20 21:55:47.964 +01:00 [DBG] Entering image upload loop.
2025-03-20 21:55:47.970 +01:00 [DBG] Processing image: IMG_7260.jpeg
2025-03-20 21:55:47.977 +01:00 [INF] -------------------- 
 AWS: UploadImageToS3: 
 File: IMG_7260.jpeg:
2025-03-20 21:55:47.980 +01:00 [INF] Generated object key: 08594391-a7e1-466d-8494-a351be221a60.jpeg
2025-03-20 21:55:48.271 +01:00 [INF] Uploading image 08594391-a7e1-466d-8494-a351be221a60.jpeg to joart-s3-images
2025-03-20 21:55:48.272 +01:00 [DBG] Entering image upload loop.
2025-03-20 21:55:48.274 +01:00 [DBG] Processing image: IMG_6938.jpeg
2025-03-20 21:55:48.274 +01:00 [INF] -------------------- 
 AWS: UploadImageToS3: 
 File: IMG_6938.jpeg:
2025-03-20 21:55:48.276 +01:00 [INF] Generated object key: 21689851-3a0d-4091-b303-2a5ba5b98787.jpeg
2025-03-20 21:55:48.483 +01:00 [INF] Uploading image 21689851-3a0d-4091-b303-2a5ba5b98787.jpeg to joart-s3-images
2025-03-20 21:55:48.486 +01:00 [INF] -------------------- 
 Repository : AddArtwork:
2025-03-20 21:58:17.805 +01:00 [INF] Endpoint : DeleteArtwork called
2025-03-20 21:58:17.806 +01:00 [INF] ------------------- 
 Service: DeleteArtwork : with ID 14
2025-03-20 21:58:17.807 +01:00 [INF] -------------------- 
 Repository : DeleteArtwork:
2025-03-20 21:58:17.816 +01:00 [INF] Successfully deleted artwork 14
2025-03-20 21:58:21.396 +01:00 [INF] Endpoint : DeleteArtwork called
2025-03-20 21:58:21.398 +01:00 [INF] ------------------- 
 Service: DeleteArtwork : with ID 15
2025-03-20 21:58:21.398 +01:00 [INF] -------------------- 
 Repository : DeleteArtwork:
2025-03-20 21:58:21.407 +01:00 [INF] Successfully deleted artwork 15
2025-03-20 23:04:33.980 +01:00 [WRN] Failed to determine the https port for redirect.
2025-03-20 23:04:54.328 +01:00 [INF] Found credentials using the AWS SDK's default credential search
2025-03-20 23:04:54.529 +01:00 [INF] Endpoint : GetGalleryArtworks called
2025-03-20 23:04:54.531 +01:00 [INF] -------------------- 
 Service: GetArtworks:
2025-03-20 23:04:54.535 +01:00 [INF] -------------------- 
 Repository : GetArtworks:
2025-03-20 23:04:55.344 +01:00 [INF] Successfully retrieved Artworks from the database.
2025-03-20 23:04:56.059 +01:00 [INF] -------------------- 
 AWS: GeneratePresignedUrl: 
 ObjectKey: 08594391-a7e1-466d-8494-a351be221a60.jpeg:
2025-03-20 23:04:56.260 +01:00 [INF] -------------------- 
 AWS: GeneratePresignedUrl: 
 ObjectKey: 21689851-3a0d-4091-b303-2a5ba5b98787.jpeg:
2025-03-20 23:04:56.263 +01:00 [INF] -------------------- 
 AWS: GeneratePresignedUrl: 
 ObjectKey: 1f01487c-fbe9-468a-a307-447cea349ae9.jpeg:
2025-03-20 23:04:56.263 +01:00 [INF] -------------------- 
 AWS: GeneratePresignedUrl: 
 ObjectKey: 476aad88-dc6e-45c9-9da5-92ff05ecd0ff.jpeg:
2025-03-20 23:04:56.265 +01:00 [INF] -------------------- 
 AWS: GeneratePresignedUrl: 
 ObjectKey: bd7bc223-fc9f-4303-b950-ff5a42093131.jpeg:
2025-03-20 23:04:56.266 +01:00 [INF] -------------------- 
 AWS: GeneratePresignedUrl: 
 ObjectKey: 134ae0fa-6bb4-41f2-9d6a-de5981531771.jpeg:
2025-03-20 23:04:56.267 +01:00 [INF] -------------------- 
 AWS: GeneratePresignedUrl: 
 ObjectKey: e80596e6-2169-4e38-85bf-2e628e337f65.jpeg:
2025-03-20 23:04:56.268 +01:00 [INF] -------------------- 
 AWS: GeneratePresignedUrl: 
 ObjectKey: abb724d0-838e-4937-861b-9d719ec81849.jpeg:
2025-03-20 23:04:56.269 +01:00 [INF] -------------------- 
 AWS: GeneratePresignedUrl: 
 ObjectKey: 61ad703b-c205-4acb-b043-4d79d8630109.jpeg:
2025-03-20 23:04:56.270 +01:00 [INF] -------------------- 
 AWS: GeneratePresignedUrl: 
 ObjectKey: 5718c98e-d4f0-4fd2-abb7-cd47f745982e.jpeg:
2025-03-20 23:04:56.271 +01:00 [INF] -------------------- 
 AWS: GeneratePresignedUrl: 
 ObjectKey: 5f16db27-c7a2-4bf0-aed8-42255554e310.jpeg:
2025-03-20 23:04:56.272 +01:00 [INF] -------------------- 
 AWS: GeneratePresignedUrl: 
 ObjectKey: cb11c680-41cd-42e5-8865-8a9442ed740d.jpeg:
2025-03-20 23:04:56.274 +01:00 [INF] -------------------- 
 AWS: GeneratePresignedUrl: 
 ObjectKey: 4256ee0c-069a-47f2-b3d4-5cd9c18dbfc9.jpeg:
2025-03-20 23:04:56.275 +01:00 [INF] -------------------- 
 AWS: GeneratePresignedUrl: 
 ObjectKey: 7c666b23-5c65-463b-9c8f-5566927da43e.jpeg:
2025-03-20 23:04:56.276 +01:00 [INF] -------------------- 
 AWS: GeneratePresignedUrl: 
 ObjectKey: 5d6c1786-a459-4182-b33c-161a77ec7966.jpeg:
2025-03-20 23:04:56.278 +01:00 [INF] -------------------- 
 AWS: GeneratePresignedUrl: 
 ObjectKey: f01da2a8-0a54-41b1-b2b6-bd8d99bbd384.jpeg:
2025-03-20 23:04:56.279 +01:00 [INF] -------------------- 
 AWS: GeneratePresignedUrl: 
 ObjectKey: aa60ec6c-3de6-46fc-8a8c-39b94c9cda45.jpeg:
2025-03-20 23:04:56.280 +01:00 [INF] -------------------- 
 AWS: GeneratePresignedUrl: 
 ObjectKey: 1fccfdeb-02c1-4519-bcbb-a521f3256548.jpeg:
2025-03-20 23:04:56.281 +01:00 [INF] -------------------- 
 AWS: GeneratePresignedUrl: 
 ObjectKey: 05d2cf58-10ed-4cc4-b3ce-ec1f257ba5e1.jpeg:
2025-03-20 23:04:56.282 +01:00 [INF] -------------------- 
 AWS: GeneratePresignedUrl: 
 ObjectKey: d6a5fe99-af0f-4910-8c00-432427bff625.jpeg:
2025-03-20 23:04:56.283 +01:00 [INF] -------------------- 
 AWS: GeneratePresignedUrl: 
 ObjectKey: e69e30c4-0dc8-4f6d-a8cd-716222ce9879.jpeg:
2025-03-20 23:04:56.285 +01:00 [INF] -------------------- 
 AWS: GeneratePresignedUrl: 
 ObjectKey: 8c237475-c04b-412d-a9dd-c0a1ff9dff99.jpeg:
2025-03-20 23:04:56.286 +01:00 [INF] -------------------- 
 AWS: GeneratePresignedUrl: 
 ObjectKey: b7f2e75a-0e89-4433-983e-3149fb1da82b.jpeg:
2025-03-20 23:04:56.287 +01:00 [INF] -------------------- 
 AWS: GeneratePresignedUrl: 
 ObjectKey: 35078a68-c112-42d2-921e-937efc894bf0.jpeg:
2025-03-20 23:04:56.289 +01:00 [INF] -------------------- 
 AWS: GeneratePresignedUrl: 
 ObjectKey: 7b2bebb3-c691-40c7-88a8-2d04991015bf.jpeg:
2025-03-20 23:04:56.290 +01:00 [INF] -------------------- 
 AWS: GeneratePresignedUrl: 
 ObjectKey: 329a05f2-79a4-4c43-91f4-ce3af9ca10f3.jpeg:
2025-03-20 23:04:56.291 +01:00 [INF] -------------------- 
 AWS: GeneratePresignedUrl: 
 ObjectKey: 7c337b7a-66e7-4e1f-aabe-c479e720d859.jpeg:
2025-03-20 23:04:56.292 +01:00 [INF] -------------------- 
 AWS: GeneratePresignedUrl: 
 ObjectKey: ca598449-4551-4efd-a2f0-9a335e5d20e8.jpeg:
2025-03-20 23:04:56.293 +01:00 [INF] -------------------- 
 AWS: GeneratePresignedUrl: 
 ObjectKey: 756d517d-a702-41ae-99c6-059e72bfb5b5.jpg:
2025-03-20 23:04:56.294 +01:00 [INF] -------------------- 
 AWS: GeneratePresignedUrl: 
 ObjectKey: ed7eb0a7-4f6d-4a9a-85ed-c1d3cff34376.jpeg:
2025-03-20 23:06:00.844 +01:00 [INF] Endpoint : GetGalleryArtworks called
2025-03-20 23:06:00.846 +01:00 [INF] -------------------- 
 Service: GetArtworks:
2025-03-20 23:06:00.846 +01:00 [INF] -------------------- 
 Repository : GetArtworks:
2025-03-20 23:06:00.864 +01:00 [INF] Successfully retrieved Artworks from the database.
2025-03-20 23:06:00.883 +01:00 [INF] -------------------- 
 AWS: GeneratePresignedUrl: 
 ObjectKey: 7c337b7a-66e7-4e1f-aabe-c479e720d859.jpeg:
2025-03-20 23:06:00.885 +01:00 [INF] -------------------- 
 AWS: GeneratePresignedUrl: 
 ObjectKey: ca598449-4551-4efd-a2f0-9a335e5d20e8.jpeg:
2025-03-20 23:06:00.886 +01:00 [INF] -------------------- 
 AWS: GeneratePresignedUrl: 
 ObjectKey: 756d517d-a702-41ae-99c6-059e72bfb5b5.jpg:
2025-03-20 23:06:00.887 +01:00 [INF] -------------------- 
 AWS: GeneratePresignedUrl: 
 ObjectKey: ed7eb0a7-4f6d-4a9a-85ed-c1d3cff34376.jpeg:
2025-03-20 23:06:35.820 +01:00 [INF] Endpoint : GetGalleryArtworks called
2025-03-20 23:06:35.821 +01:00 [INF] -------------------- 
 Service: GetArtworks:
2025-03-20 23:06:35.822 +01:00 [INF] -------------------- 
 Repository : GetArtworks:
2025-03-20 23:06:35.877 +01:00 [INF] Successfully retrieved Artworks from the database.
2025-03-20 23:06:35.882 +01:00 [INF] -------------------- 
 AWS: GeneratePresignedUrl: 
 ObjectKey: 7c337b7a-66e7-4e1f-aabe-c479e720d859.jpeg:
2025-03-20 23:06:35.883 +01:00 [INF] -------------------- 
 AWS: GeneratePresignedUrl: 
 ObjectKey: ca598449-4551-4efd-a2f0-9a335e5d20e8.jpeg:
2025-03-20 23:06:35.884 +01:00 [INF] -------------------- 
 AWS: GeneratePresignedUrl: 
 ObjectKey: 756d517d-a702-41ae-99c6-059e72bfb5b5.jpg:
2025-03-20 23:06:35.886 +01:00 [INF] -------------------- 
 AWS: GeneratePresignedUrl: 
 ObjectKey: ed7eb0a7-4f6d-4a9a-85ed-c1d3cff34376.jpeg:
2025-03-20 23:08:44.456 +01:00 [INF] Endpoint : GetGalleryArtworks called
2025-03-20 23:08:44.458 +01:00 [INF] -------------------- 
 Service: GetArtworks:
2025-03-20 23:08:44.459 +01:00 [INF] -------------------- 
 Repository : GetArtworks:
2025-03-20 23:08:44.460 +01:00 [INF] Successfully retrieved Artworks from the database.
2025-03-20 23:08:44.465 +01:00 [INF] -------------------- 
 AWS: GeneratePresignedUrl: 
 ObjectKey: 7c337b7a-66e7-4e1f-aabe-c479e720d859.jpeg:
2025-03-20 23:08:44.467 +01:00 [INF] -------------------- 
 AWS: GeneratePresignedUrl: 
 ObjectKey: ca598449-4551-4efd-a2f0-9a335e5d20e8.jpeg:
2025-03-20 23:08:44.468 +01:00 [INF] -------------------- 
 AWS: GeneratePresignedUrl: 
 ObjectKey: 756d517d-a702-41ae-99c6-059e72bfb5b5.jpg:
2025-03-20 23:08:44.469 +01:00 [INF] -------------------- 
 AWS: GeneratePresignedUrl: 
 ObjectKey: ed7eb0a7-4f6d-4a9a-85ed-c1d3cff34376.jpeg:
2025-03-20 23:08:52.136 +01:00 [INF] Endpoint : GetGalleryArtworks called
2025-03-20 23:08:52.137 +01:00 [INF] -------------------- 
 Service: GetArtworks:
2025-03-20 23:08:52.139 +01:00 [INF] -------------------- 
 Repository : GetArtworks:
2025-03-20 23:08:52.140 +01:00 [INF] Successfully retrieved Artworks from the database.
2025-03-20 23:08:52.144 +01:00 [INF] -------------------- 
 AWS: GeneratePresignedUrl: 
 ObjectKey: 08594391-a7e1-466d-8494-a351be221a60.jpeg:
2025-03-20 23:08:52.145 +01:00 [INF] -------------------- 
 AWS: GeneratePresignedUrl: 
 ObjectKey: 21689851-3a0d-4091-b303-2a5ba5b98787.jpeg:
2025-03-20 23:08:52.147 +01:00 [INF] -------------------- 
 AWS: GeneratePresignedUrl: 
 ObjectKey: 1f01487c-fbe9-468a-a307-447cea349ae9.jpeg:
2025-03-20 23:08:52.149 +01:00 [INF] -------------------- 
 AWS: GeneratePresignedUrl: 
 ObjectKey: 476aad88-dc6e-45c9-9da5-92ff05ecd0ff.jpeg:
2025-03-20 23:08:52.149 +01:00 [INF] -------------------- 
 AWS: GeneratePresignedUrl: 
 ObjectKey: bd7bc223-fc9f-4303-b950-ff5a42093131.jpeg:
2025-03-20 23:08:52.150 +01:00 [INF] -------------------- 
 AWS: GeneratePresignedUrl: 
 ObjectKey: 134ae0fa-6bb4-41f2-9d6a-de5981531771.jpeg:
2025-03-20 23:08:52.151 +01:00 [INF] -------------------- 
 AWS: GeneratePresignedUrl: 
 ObjectKey: e80596e6-2169-4e38-85bf-2e628e337f65.jpeg:
2025-03-20 23:08:52.152 +01:00 [INF] -------------------- 
 AWS: GeneratePresignedUrl: 
 ObjectKey: abb724d0-838e-4937-861b-9d719ec81849.jpeg:
2025-03-20 23:08:52.153 +01:00 [INF] -------------------- 
 AWS: GeneratePresignedUrl: 
 ObjectKey: 61ad703b-c205-4acb-b043-4d79d8630109.jpeg:
2025-03-20 23:08:52.154 +01:00 [INF] -------------------- 
 AWS: GeneratePresignedUrl: 
 ObjectKey: 5718c98e-d4f0-4fd2-abb7-cd47f745982e.jpeg:
2025-03-20 23:08:52.155 +01:00 [INF] -------------------- 
 AWS: GeneratePresignedUrl: 
 ObjectKey: 5f16db27-c7a2-4bf0-aed8-42255554e310.jpeg:
2025-03-20 23:08:52.156 +01:00 [INF] -------------------- 
 AWS: GeneratePresignedUrl: 
 ObjectKey: cb11c680-41cd-42e5-8865-8a9442ed740d.jpeg:
2025-03-20 23:08:52.157 +01:00 [INF] -------------------- 
 AWS: GeneratePresignedUrl: 
 ObjectKey: 4256ee0c-069a-47f2-b3d4-5cd9c18dbfc9.jpeg:
2025-03-20 23:08:52.158 +01:00 [INF] -------------------- 
 AWS: GeneratePresignedUrl: 
 ObjectKey: 7c666b23-5c65-463b-9c8f-5566927da43e.jpeg:
2025-03-20 23:08:52.159 +01:00 [INF] -------------------- 
 AWS: GeneratePresignedUrl: 
 ObjectKey: 5d6c1786-a459-4182-b33c-161a77ec7966.jpeg:
2025-03-20 23:08:52.160 +01:00 [INF] -------------------- 
 AWS: GeneratePresignedUrl: 
 ObjectKey: f01da2a8-0a54-41b1-b2b6-bd8d99bbd384.jpeg:
2025-03-20 23:08:52.160 +01:00 [INF] -------------------- 
 AWS: GeneratePresignedUrl: 
 ObjectKey: aa60ec6c-3de6-46fc-8a8c-39b94c9cda45.jpeg:
2025-03-20 23:08:52.161 +01:00 [INF] -------------------- 
 AWS: GeneratePresignedUrl: 
 ObjectKey: 1fccfdeb-02c1-4519-bcbb-a521f3256548.jpeg:
2025-03-20 23:08:52.162 +01:00 [INF] -------------------- 
 AWS: GeneratePresignedUrl: 
 ObjectKey: 05d2cf58-10ed-4cc4-b3ce-ec1f257ba5e1.jpeg:
2025-03-20 23:08:52.163 +01:00 [INF] -------------------- 
 AWS: GeneratePresignedUrl: 
 ObjectKey: d6a5fe99-af0f-4910-8c00-432427bff625.jpeg:
2025-03-20 23:08:52.164 +01:00 [INF] -------------------- 
 AWS: GeneratePresignedUrl: 
 ObjectKey: e69e30c4-0dc8-4f6d-a8cd-716222ce9879.jpeg:
2025-03-20 23:08:52.165 +01:00 [INF] -------------------- 
 AWS: GeneratePresignedUrl: 
 ObjectKey: 8c237475-c04b-412d-a9dd-c0a1ff9dff99.jpeg:
2025-03-20 23:08:52.165 +01:00 [INF] -------------------- 
 AWS: GeneratePresignedUrl: 
 ObjectKey: b7f2e75a-0e89-4433-983e-3149fb1da82b.jpeg:
2025-03-20 23:08:52.166 +01:00 [INF] -------------------- 
 AWS: GeneratePresignedUrl: 
 ObjectKey: 35078a68-c112-42d2-921e-937efc894bf0.jpeg:
2025-03-20 23:08:52.167 +01:00 [INF] -------------------- 
 AWS: GeneratePresignedUrl: 
 ObjectKey: 7b2bebb3-c691-40c7-88a8-2d04991015bf.jpeg:
2025-03-20 23:08:52.168 +01:00 [INF] -------------------- 
 AWS: GeneratePresignedUrl: 
 ObjectKey: 329a05f2-79a4-4c43-91f4-ce3af9ca10f3.jpeg:
2025-03-20 23:08:52.168 +01:00 [INF] -------------------- 
 AWS: GeneratePresignedUrl: 
 ObjectKey: 7c337b7a-66e7-4e1f-aabe-c479e720d859.jpeg:
2025-03-20 23:08:52.170 +01:00 [INF] -------------------- 
 AWS: GeneratePresignedUrl: 
 ObjectKey: ca598449-4551-4efd-a2f0-9a335e5d20e8.jpeg:
2025-03-20 23:08:52.171 +01:00 [INF] -------------------- 
 AWS: GeneratePresignedUrl: 
 ObjectKey: 756d517d-a702-41ae-99c6-059e72bfb5b5.jpg:
2025-03-20 23:08:52.172 +01:00 [INF] -------------------- 
 AWS: GeneratePresignedUrl: 
 ObjectKey: ed7eb0a7-4f6d-4a9a-85ed-c1d3cff34376.jpeg:
